INFO:root:[삭제조치]c:\CRoud\dsmoger\readme.txt
INFO:root:[삭제조치]c:\CRoud\dsmoger\Design\readme.txt
INFO:root:[삭제조치]c:\CRoud\dsmoger\Design\CRC Scrubber - HydroCyclon\readme.txt
INFO:root:[삭제조치]c:\CRoud\dsmoger\Design\CRC Scrubber - HydroCyclon\새 폴더\readme.txt
INFO:root:[삭제조치]c:\CRoud\dsmoger\Design\dsmoger도면\readme.txt
INFO:root:[삭제조치]c:\CRoud\dsmoger\Design\dsmoger도면\ZEN 4\readme.txt
INFO:root:[삭제조치]c:\CRoud\dsmoger\Design\dsmoger도면\ZEN 4\디스모거 케이스\readme.txt
INFO:root:[삭제조치]c:\CRoud\dsmoger\Design\dsmoger도면\ZEN 6\readme.txt
INFO:root:[삭제조치]c:\CRoud\dsmoger\Design\dsmoger도면\펌프박스\readme.txt
INFO:root:[삭제조치]c:\CRoud\dsmoger\Design\Inlet Hood\readme.txt
INFO:root:[삭제조치]c:\CRoud\dsmoger\Design\Mult-dsmoger\readme.txt
INFO:root:[삭제조치]c:\CRoud\dsmoger\Design\Pump&Nozzle\readme.txt
INFO:root:[삭제조치]c:\CRoud\dsmoger\Design\★업체별 도면\readme.txt
INFO:root:[삭제조치]c:\CRoud\dsmoger\Design\★제작용 도면\readme.txt
INFO:root:[삭제조치]c:\CRoud\dsmoger\Design\로고\readme.txt
INFO:root:[삭제조치]c:\CRoud\dsmoger\Design\로스터 브랜드별 도면, 메뉴얼\Stronghold\readme.txt
INFO:root:[삭제조치]c:\CRoud\dsmoger\Design- Dual\readme.txt
INFO:root:[삭제조치]c:\CRoud\dsmoger\Design-CODM\readme.txt
INFO:root:[삭제조치]c:\CRoud\dsmoger\Design-Hood&Duct Filter\readme.txt
INFO:root:[삭제조치]c:\CRoud\dsmoger\Dsmoger 가격정책\readme.txt
INFO:root:[삭제조치]c:\CRoud\dsmoger\Dsmoger제안서\readme.txt
INFO:root:[삭제조치]c:\CRoud\dsmoger\RGF 필터\readme.txt
INFO:root:[삭제조치]c:\CRoud\dsmoger\RGF 필터\스폰지필터\readme.txt
INFO:root:[삭제조치]c:\CRoud\dsmoger\RGF 필터\필터검수\readme.txt
INFO:root:[삭제조치]c:\CRoud\dsmoger\WTD\readme.txt
INFO:root:[삭제조치]c:\CRoud\dsmoger\가스 정제 기술 자료\readme.txt
INFO:root:[삭제조치]c:\CRoud\dsmoger\견적서\readme.txt
INFO:root:[삭제조치]c:\CRoud\dsmoger\고객별 작업내용\readme.txt
INFO:root:[삭제조치]c:\CRoud\dsmoger\고객별 작업내용, 사진자료\1111\readme.txt
INFO:root:[삭제조치]c:\CRoud\dsmoger\고객별 작업내용, 사진자료\BKC\readme.txt
INFO:root:[삭제조치]c:\CRoud\dsmoger\고객별 작업내용, 사진자료\SFW\readme.txt
INFO:root:[삭제조치]c:\CRoud\dsmoger\고객별 작업내용, 사진자료\고객별 작업내용\readme.txt
INFO:root:[삭제조치]c:\CRoud\dsmoger\고객별 작업내용, 사진자료\고객별 작업내용\마틴커피\readme.txt
INFO:root:[삭제조치]c:\CRoud\dsmoger\고객별 작업내용, 사진자료\고객별 작업내용\발루토커피\readme.txt
INFO:root:[삭제조치]c:\CRoud\dsmoger\고객별 작업내용, 사진자료\고객별 작업내용\부산 BKC\readme.txt
INFO:root:[삭제조치]c:\CRoud\dsmoger\고객별 작업내용, 사진자료\고객별 작업내용\브라운홀릭\readme.txt
INFO:root:[삭제조치]c:\CRoud\dsmoger\고객별 작업내용, 사진자료\고객별 작업내용\블랙소울\readme.txt
INFO:root:[삭제조치]c:\CRoud\dsmoger\고객별 작업내용, 사진자료\고객별 작업내용\센서리커피\readme.txt
INFO:root:[삭제조치]c:\CRoud\dsmoger\고객별 작업내용, 사진자료\고객별 작업내용\스위트807\readme.txt
INFO:root:[삭제조치]c:\CRoud\dsmoger\고객별 작업내용, 사진자료\고객별 작업내용\스태인 생츄어리\readme.txt
INFO:root:[삭제조치]c:\CRoud\dsmoger\고객별 작업내용, 사진자료\고객별 작업내용\스패뉴(진심한잔)\readme.txt
INFO:root:[삭제조치]c:\CRoud\dsmoger\고객별 작업내용, 사진자료\고객별 작업내용\에스에프더블유\readme.txt
INFO:root:[삭제조치]c:\CRoud\dsmoger\고객별 작업내용, 사진자료\고객별 작업내용\원두잇\readme.txt
INFO:root:[삭제조치]c:\CRoud\dsmoger\고객별 작업내용, 사진자료\고객별 작업내용\유어홈로스터스\readme.txt
INFO:root:[삭제조치]c:\CRoud\dsmoger\고객별 작업내용, 사진자료\고객별 작업내용\칼라스커피\readme.txt
INFO:root:[삭제조치]c:\CRoud\dsmoger\고객별 작업내용, 사진자료\고객별 작업내용\파우치 커피\readme.txt
INFO:root:[삭제조치]c:\CRoud\dsmoger\고객별 작업내용, 사진자료\고객별 작업내용\피카워크샵\readme.txt
INFO:root:[삭제조치]c:\CRoud\dsmoger\고객별 작업내용, 사진자료\고객별 작업내용\후지로얄\readme.txt
INFO:root:[삭제조치]c:\CRoud\dsmoger\고객별 작업내용, 사진자료\고객별 작업내용\훈스커피랩\readme.txt
INFO:root:[삭제조치]c:\CRoud\dsmoger\고객별 작업내용, 사진자료\나이브커피\readme.txt
INFO:root:[삭제조치]c:\CRoud\dsmoger\고객별 작업내용, 사진자료\디스모거 현장설치 사진\readme.txt
INFO:root:[삭제조치]c:\CRoud\dsmoger\고객별 작업내용, 사진자료\디스모거 현장설치 사진\디스모거 영상 제작\readme.txt
INFO:root:[삭제조치]c:\CRoud\dsmoger\고객별 작업내용, 사진자료\레인디어커피\readme.txt
INFO:root:[삭제조치]c:\CRoud\dsmoger\고객별 작업내용, 사진자료\마틴커피\readme.txt
INFO:root:[삭제조치]c:\CRoud\dsmoger\고객별 작업내용, 사진자료\발루토커피\readme.txt
INFO:root:[삭제조치]c:\CRoud\dsmoger\고객별 작업내용, 사진자료\브라운홀릭\readme.txt
INFO:root:[삭제조치]c:\CRoud\dsmoger\고객별 작업내용, 사진자료\블랙소울\readme.txt
INFO:root:[삭제조치]c:\CRoud\dsmoger\고객별 작업내용, 사진자료\스위트807\readme.txt
INFO:root:[삭제조치]c:\CRoud\dsmoger\고객별 작업내용, 사진자료\스테인드생츄어리\readme.txt
INFO:root:[삭제조치]c:\CRoud\dsmoger\고객별 작업내용, 사진자료\원두잇\readme.txt
INFO:root:[삭제조치]c:\CRoud\dsmoger\고객별 작업내용, 사진자료\유어홈로스터스\readme.txt
INFO:root:[삭제조치]c:\CRoud\dsmoger\고객별 작업내용, 사진자료\자료ㅣ한국커피협회 발표.학술발표\readme.txt
INFO:root:[삭제조치]c:\CRoud\dsmoger\고객별 작업내용, 사진자료\정병철 사진 & TEST\readme.txt
INFO:root:[삭제조치]c:\CRoud\dsmoger\고객별 작업내용, 사진자료\진심한잔(스패뉴)\readme.txt
INFO:root:[삭제조치]c:\CRoud\dsmoger\고객별 작업내용, 사진자료\철수,미설치 업체\센서리커피(철수)\readme.txt
INFO:root:[삭제조치]c:\CRoud\dsmoger\고객별 작업내용, 사진자료\철수,미설치 업체\후지로얄(철수)\readme.txt
INFO:root:[삭제조치]c:\CRoud\dsmoger\고객별 작업내용, 사진자료\칼라스\readme.txt
INFO:root:[삭제조치]c:\CRoud\dsmoger\고객별 작업내용, 사진자료\커피볶는집(광교로스터리카페)\readme.txt
INFO:root:[삭제조치]c:\CRoud\dsmoger\고객별 작업내용, 사진자료\파우치커피\readme.txt
INFO:root:[삭제조치]c:\CRoud\dsmoger\고객별 작업내용, 사진자료\피카워크샵\readme.txt
INFO:root:[삭제조치]c:\CRoud\dsmoger\고객별 작업내용, 사진자료\훈스커피\readme.txt
INFO:root:[삭제조치]c:\CRoud\dsmoger\디스모거 배관부속\readme.txt
INFO:root:[삭제조치]c:\CRoud\dsmoger\디스모거 체험 신청 명단\readme.txt
INFO:root:[삭제조치]c:\CRoud\dsmoger\사진자료\1111\readme.txt
INFO:root:[삭제조치]c:\CRoud\dsmoger\사진자료\BCM\readme.txt
INFO:root:[삭제조치]c:\CRoud\dsmoger\사진자료\BKC\readme.txt
INFO:root:[삭제조치]c:\CRoud\dsmoger\사진자료\SFW\readme.txt
INFO:root:[삭제조치]c:\CRoud\dsmoger\사진자료\고객별 작업내용\readme.txt
INFO:root:[삭제조치]c:\CRoud\dsmoger\사진자료\고객별 작업내용\마틴커피\readme.txt
INFO:root:[삭제조치]c:\CRoud\dsmoger\사진자료\고객별 작업내용\발루토커피\readme.txt
INFO:root:[삭제조치]c:\CRoud\dsmoger\사진자료\고객별 작업내용\부산 BKC\readme.txt
INFO:root:[삭제조치]c:\CRoud\dsmoger\사진자료\고객별 작업내용\브라운홀릭\readme.txt
INFO:root:[삭제조치]c:\CRoud\dsmoger\사진자료\고객별 작업내용\블랙소울\readme.txt
INFO:root:[삭제조치]c:\CRoud\dsmoger\사진자료\고객별 작업내용\센서리커피\readme.txt
INFO:root:[삭제조치]c:\CRoud\dsmoger\사진자료\고객별 작업내용\스위트807\readme.txt
INFO:root:[삭제조치]c:\CRoud\dsmoger\사진자료\고객별 작업내용\스태인 생츄어리\readme.txt
INFO:root:[삭제조치]c:\CRoud\dsmoger\사진자료\고객별 작업내용\스패뉴(진심한잔)\readme.txt
INFO:root:[삭제조치]c:\CRoud\dsmoger\사진자료\고객별 작업내용\에스에프더블유\readme.txt
INFO:root:[삭제조치]c:\CRoud\dsmoger\사진자료\고객별 작업내용\원두잇\readme.txt
INFO:root:[삭제조치]c:\CRoud\dsmoger\사진자료\고객별 작업내용\유어홈로스터스\readme.txt
INFO:root:[삭제조치]c:\CRoud\dsmoger\사진자료\고객별 작업내용\칼라스커피\readme.txt
INFO:root:[삭제조치]c:\CRoud\dsmoger\사진자료\고객별 작업내용\파우치 커피\readme.txt
INFO:root:[삭제조치]c:\CRoud\dsmoger\사진자료\고객별 작업내용\피카워크샵\readme.txt
INFO:root:[삭제조치]c:\CRoud\dsmoger\사진자료\고객별 작업내용\후지로얄\readme.txt
INFO:root:[삭제조치]c:\CRoud\dsmoger\사진자료\고객별 작업내용\훈스커피랩\readme.txt
INFO:root:[삭제조치]c:\CRoud\dsmoger\사진자료\나이브커피\readme.txt
INFO:root:[삭제조치]c:\CRoud\dsmoger\사진자료\디스모거 현장설치 사진\readme.txt
INFO:root:[삭제조치]c:\CRoud\dsmoger\사진자료\디스모거 현장설치 사진\디스모거 영상 제작\readme.txt
INFO:root:[삭제조치]c:\CRoud\dsmoger\사진자료\레인디어커피\readme.txt
INFO:root:[삭제조치]c:\CRoud\dsmoger\사진자료\마틴커피\readme.txt
INFO:root:[삭제조치]c:\CRoud\dsmoger\사진자료\멜로시티\readme.txt
INFO:root:[삭제조치]c:\CRoud\dsmoger\사진자료\발루토커피\readme.txt
INFO:root:[삭제조치]c:\CRoud\dsmoger\사진자료\브라운홀릭\readme.txt
INFO:root:[삭제조치]c:\CRoud\dsmoger\사진자료\블랙소울\readme.txt
INFO:root:[삭제조치]c:\CRoud\dsmoger\사진자료\스위트807\readme.txt
INFO:root:[삭제조치]c:\CRoud\dsmoger\사진자료\스테인드생츄어리\readme.txt
INFO:root:[삭제조치]c:\CRoud\dsmoger\사진자료\원두잇\readme.txt
INFO:root:[삭제조치]c:\CRoud\dsmoger\사진자료\유어홈로스터스\readme.txt
INFO:root:[삭제조치]c:\CRoud\dsmoger\사진자료\자료ㅣ한국커피협회 발표.학술발표\readme.txt
INFO:root:[삭제조치]c:\CRoud\dsmoger\사진자료\정병철 사진 & TEST\readme.txt
INFO:root:[삭제조치]c:\CRoud\dsmoger\사진자료\진심한잔(스패뉴)\readme.txt
INFO:root:[삭제조치]c:\CRoud\dsmoger\사진자료\철수,미설치 업체\센서리커피(철수)\readme.txt
INFO:root:[삭제조치]c:\CRoud\dsmoger\사진자료\철수,미설치 업체\후지로얄(철수)\readme.txt
INFO:root:[삭제조치]c:\CRoud\dsmoger\사진자료\칼라스\readme.txt
INFO:root:[삭제조치]c:\CRoud\dsmoger\사진자료\커피볶는집(광교로스터리카페)\readme.txt
INFO:root:[삭제조치]c:\CRoud\dsmoger\사진자료\파우치커피\readme.txt
INFO:root:[삭제조치]c:\CRoud\dsmoger\사진자료\피카워크샵\readme.txt
INFO:root:[삭제조치]c:\CRoud\dsmoger\사진자료\훈스커피\readme.txt
INFO:root:[삭제조치]c:\CRoud\dsmoger\생산기술\콘트롤박스\readme.txt
INFO:root:[삭제조치]c:\CRoud\dsmoger\생산기술\펌프박스 배선\readme.txt
INFO:root:[삭제조치]c:\CRoud\dsmoger\송풍기 자료\readme.txt
INFO:root:[삭제조치]c:\CRoud\dsmoger\송풍기 자료\이노텍\readme.txt
INFO:root:[삭제조치]c:\CRoud\dsmoger\수출 관련\readme.txt
INFO:root:[삭제조치]c:\CRoud\dsmoger\수출 관련\원산지증명발급\readme.txt
INFO:root:[삭제조치]c:\CRoud\dsmoger\초음파융착기\readme.txt
INFO:root:[삭제조치]c:\CRoud\dsmoger\카다로그\readme.txt
INFO:root:[삭제조치]c:\CRoud\관리부\readme.txt
INFO:root:[삭제조치]c:\CRoud\관리부\관리부 전용 폴더\readme.txt
INFO:root:[삭제조치]c:\CRoud\관리부\관리부 전용 폴더\GRAVER\readme.txt
INFO:root:[삭제조치]c:\CRoud\관리부\관리부 전용 폴더\POS\readme.txt
INFO:root:[삭제조치]c:\CRoud\관리부\관리부 전용 폴더\sba 신청자료20.11.09\readme.txt
INFO:root:[삭제조치]c:\CRoud\관리부\관리부 전용 폴더\계약서\readme.txt
INFO:root:[삭제조치]c:\CRoud\관리부\관리부 전용 폴더\관리부주간보고서\08 관리부주간보고서\readme.txt
INFO:root:[삭제조치]c:\CRoud\관리부\관리부 전용 폴더\관리부주간보고서\09 관리부주간보고서\readme.txt
INFO:root:[삭제조치]c:\CRoud\관리부\관리부 전용 폴더\관리부주간보고서\10 관리부주간보고서\readme.txt
INFO:root:[삭제조치]c:\CRoud\관리부\관리부 전용 폴더\관리부주간보고서\11 관리부주간보고서\readme.txt
INFO:root:[삭제조치]c:\CRoud\관리부\관리부 전용 폴더\관리부주간보고서\12 관리부주간보고서\readme.txt
INFO:root:[삭제조치]c:\CRoud\관리부\관리부 전용 폴더\관리부주간보고서\13 관리부주간보고서\readme.txt
INFO:root:[삭제조치]c:\CRoud\관리부\관리부 전용 폴더\관리부주간보고서\14 관리부주간보고서\readme.txt
INFO:root:[삭제조치]c:\CRoud\관리부\관리부 전용 폴더\관리부주간보고서\15 관리부주간보고서\readme.txt
INFO:root:[삭제조치]c:\CRoud\관리부\관리부 전용 폴더\관리부주간보고서\16 관리부주간보고서\readme.txt
INFO:root:[삭제조치]c:\CRoud\관리부\관리부 전용 폴더\관리부주간보고서\17 관리부주간보고서\readme.txt
INFO:root:[삭제조치]c:\CRoud\관리부\관리부 전용 폴더\관리부주간보고서\18 관리부주간보고서\readme.txt
INFO:root:[삭제조치]c:\CRoud\관리부\관리부 전용 폴더\관리업무\readme.txt
INFO:root:[삭제조치]c:\CRoud\관리부\관리부 전용 폴더\기타\readme.txt
INFO:root:[삭제조치]c:\CRoud\관리부\관리부 전용 폴더\부가세\2021 2분기 부가세\청류\readme.txt
INFO:root:[삭제조치]c:\CRoud\관리부\관리부 전용 폴더\부가세\2021 2분기 부가세\케이필트로\readme.txt
INFO:root:[삭제조치]c:\CRoud\관리부\관리부 전용 폴더\부가세\이전\2019 2분기 부가세\readme.txt
INFO:root:[삭제조치]c:\CRoud\관리부\관리부 전용 폴더\부가세\이전\2019 3분기 부가세\readme.txt
INFO:root:[삭제조치]c:\CRoud\관리부\관리부 전용 폴더\부가세\이전\2019 4분기 부가세\readme.txt
INFO:root:[삭제조치]c:\CRoud\관리부\관리부 전용 폴더\부가세\이전\2020 1분기 부가세\readme.txt
INFO:root:[삭제조치]c:\CRoud\관리부\관리부 전용 폴더\부가세\이전\2020 2분기 부가세\readme.txt
INFO:root:[삭제조치]c:\CRoud\관리부\관리부 전용 폴더\부가세\이전\2020 3분기 부가세\readme.txt
INFO:root:[삭제조치]c:\CRoud\관리부\관리부 전용 폴더\부가세\이전\2020 4분기 부가세\readme.txt
INFO:root:[삭제조치]c:\CRoud\관리부\관리부 전용 폴더\비품대장\readme.txt
INFO:root:[삭제조치]c:\CRoud\관리부\관리부 전용 폴더\세금계산서\2020년\readme.txt
INFO:root:[삭제조치]c:\CRoud\관리부\관리부 전용 폴더\세금계산서\2021년\readme.txt
INFO:root:[삭제조치]c:\CRoud\관리부\관리부 전용 폴더\수입\readme.txt
INFO:root:[삭제조치]c:\CRoud\관리부\관리부 전용 폴더\수입\dlqcnfrh\readme.txt
INFO:root:[삭제조치]c:\CRoud\관리부\관리부 전용 폴더\수입,수출\readme.txt
INFO:root:[삭제조치]c:\CRoud\관리부\관리부 전용 폴더\수입,수출\dlqcnfrh\readme.txt
INFO:root:[삭제조치]c:\CRoud\관리부\관리부 전용 폴더\수입,수출\수입\readme.txt
INFO:root:[삭제조치]c:\CRoud\관리부\관리부 전용 폴더\수입,수출\수입\dlqcnfrh\readme.txt
INFO:root:[삭제조치]c:\CRoud\관리부\관리부 전용 폴더\스캔\readme.txt
INFO:root:[삭제조치]c:\CRoud\관리부\관리부 전용 폴더\아이디_패스워드\readme.txt
INFO:root:[삭제조치]c:\CRoud\관리부\관리부 전용 폴더\여권\readme.txt
INFO:root:[삭제조치]c:\CRoud\관리부\관리부 전용 폴더\연구전담요원관련서류\readme.txt
INFO:root:[삭제조치]c:\CRoud\관리부\관리부 전용 폴더\월간회의\readme.txt
INFO:root:[삭제조치]c:\CRoud\관리부\관리부 전용 폴더\월간회의\2010년\readme.txt
INFO:root:[삭제조치]c:\CRoud\관리부\관리부 전용 폴더\월간회의\2011년\readme.txt
INFO:root:[삭제조치]c:\CRoud\관리부\관리부 전용 폴더\월간회의\2012년\readme.txt
INFO:root:[삭제조치]c:\CRoud\관리부\관리부 전용 폴더\월간회의\2012년\2012년 사업계획 모음\readme.txt
INFO:root:[삭제조치]c:\CRoud\관리부\관리부 전용 폴더\월간회의\2012영업사원손익(VER.1)\readme.txt
INFO:root:[삭제조치]c:\CRoud\관리부\관리부 전용 폴더\월간회의\2013년\readme.txt
INFO:root:[삭제조치]c:\CRoud\관리부\관리부 전용 폴더\월간회의\2014년\readme.txt
INFO:root:[삭제조치]c:\CRoud\관리부\관리부 전용 폴더\월간회의\2015년\readme.txt
INFO:root:[삭제조치]c:\CRoud\관리부\관리부 전용 폴더\월간회의\2016년\readme.txt
INFO:root:[삭제조치]c:\CRoud\관리부\관리부 전용 폴더\월간회의\2017년\readme.txt
INFO:root:[삭제조치]c:\CRoud\관리부\관리부 전용 폴더\월간회의\2018년\readme.txt
INFO:root:[삭제조치]c:\CRoud\관리부\관리부 전용 폴더\월간회의\2019년\readme.txt
INFO:root:[삭제조치]c:\CRoud\관리부\관리부 전용 폴더\월간회의\2020년\readme.txt
INFO:root:[삭제조치]c:\CRoud\관리부\관리부 전용 폴더\월간회의\2021년\readme.txt
INFO:root:[삭제조치]c:\CRoud\관리부\관리부 전용 폴더\월간회의\미수금내역\readme.txt
INFO:root:[삭제조치]c:\CRoud\관리부\관리부 전용 폴더\월간회의\미수금내역\2014 미수금\readme.txt
INFO:root:[삭제조치]c:\CRoud\관리부\관리부 전용 폴더\월간회의\미수금내역\2015 미수금\readme.txt
INFO:root:[삭제조치]c:\CRoud\관리부\관리부 전용 폴더\월간회의\미수금내역\2016 미수금\readme.txt
INFO:root:[삭제조치]c:\CRoud\관리부\관리부 전용 폴더\월간회의\미수금내역\2017 미수금\readme.txt
INFO:root:[삭제조치]c:\CRoud\관리부\관리부 전용 폴더\월간회의\미수금내역\2018 미수금\readme.txt
INFO:root:[삭제조치]c:\CRoud\관리부\관리부 전용 폴더\월간회의\미수금내역\2019 미수금\readme.txt
INFO:root:[삭제조치]c:\CRoud\관리부\관리부 전용 폴더\월간회의\미수금내역\2020 미수금\readme.txt
INFO:root:[삭제조치]c:\CRoud\관리부\관리부 전용 폴더\월간회의\미수금내역\2021 미수금\readme.txt
INFO:root:[삭제조치]c:\CRoud\관리부\관리부 전용 폴더\월간회의\월례회의예전자료\readme.txt
INFO:root:[삭제조치]c:\CRoud\관리부\관리부 전용 폴더\인수인계자료\readme.txt
INFO:root:[삭제조치]c:\CRoud\관리부\관리부 전용 폴더\자연\readme.txt
INFO:root:[삭제조치]c:\CRoud\관리부\관리부 전용 폴더\자연\라벨\readme.txt
INFO:root:[삭제조치]c:\CRoud\관리부\관리부 전용 폴더\자연\수주장(매출)\readme.txt
INFO:root:[삭제조치]c:\CRoud\관리부\관리부 전용 폴더\자연\수주장(매출)\2019\readme.txt
INFO:root:[삭제조치]c:\CRoud\관리부\관리부 전용 폴더\졸업증명서\readme.txt
INFO:root:[삭제조치]c:\CRoud\관리부\관리부 전용 폴더\지원자\readme.txt
INFO:root:[삭제조치]c:\CRoud\관리부\관리부 전용 폴더\지원자\지원자 이력서\readme.txt
INFO:root:[삭제조치]c:\CRoud\관리부\관리부 전용 폴더\지현\readme.txt
INFO:root:[삭제조치]c:\CRoud\관리부\관리부 전용 폴더\지현\2020 가족친화인증심사서류_중소기업\readme.txt
INFO:root:[삭제조치]c:\CRoud\관리부\관리부 전용 폴더\지현\2020 가족친화인증심사서류_중소기업\별첨서식6 (word버전)\readme.txt
INFO:root:[삭제조치]c:\CRoud\관리부\관리부 전용 폴더\지현\2020 가족친화인증심사서류_중소기업\별첨서식6 (한글버전)\readme.txt
INFO:root:[삭제조치]c:\CRoud\관리부\관리부 전용 폴더\지현\디스모거로고\dsmoger_Logo\readme.txt
INFO:root:[삭제조치]c:\CRoud\관리부\관리부 전용 폴더\지현\수입,수출\readme.txt
INFO:root:[삭제조치]c:\CRoud\관리부\관리부 전용 폴더\케이필트로 매출(14~15)\2014\readme.txt
INFO:root:[삭제조치]c:\CRoud\관리부\관리부 전용 폴더\케이필트로 매출(14~15)\2015\readme.txt
INFO:root:[삭제조치]c:\CRoud\관리부\관리부 전용 폴더\특허, 인증서, 표창장\readme.txt
INFO:root:[삭제조치]c:\CRoud\관리부\관리부 전용 폴더\특허, 인증서, 표창장\ISO\readme.txt
INFO:root:[삭제조치]c:\CRoud\관리부\관리부 전용 폴더\특허, 인증서, 표창장\각종인증서 21.06.04\readme.txt
INFO:root:[삭제조치]c:\CRoud\관리부\관리부 전용 폴더\특허, 인증서, 표창장\감사장\readme.txt
INFO:root:[삭제조치]c:\CRoud\관리부\관리부 전용 폴더\특허, 인증서, 표창장\과거자료(기간만료,변경전)\readme.txt
INFO:root:[삭제조치]c:\CRoud\관리부\관리부 전용 폴더\특허, 인증서, 표창장\상표\readme.txt
INFO:root:[삭제조치]c:\CRoud\관리부\관리부 전용 폴더\특허, 인증서, 표창장\실용신안\readme.txt
INFO:root:[삭제조치]c:\CRoud\관리부\관리부 전용 폴더\특허, 인증서, 표창장\인증서\readme.txt
INFO:root:[삭제조치]c:\CRoud\관리부\관리부 전용 폴더\특허, 인증서, 표창장\표창장\readme.txt
INFO:root:[삭제조치]c:\CRoud\관리부\관리부 전용 폴더\회의록\readme.txt
INFO:root:[삭제조치]c:\CRoud\관리부\규정ㅣ사내규정\readme.txt
INFO:root:[삭제조치]c:\CRoud\관리부\규정ㅣ사내규정\CI.old\readme.txt
INFO:root:[삭제조치]c:\CRoud\관리부\규정ㅣ사내규정\CI.old\청류\readme.txt
INFO:root:[삭제조치]c:\CRoud\관리부\규정ㅣ사내규정\CI.old\청류+케이필트로\readme.txt
INFO:root:[삭제조치]c:\CRoud\관리부\규정ㅣ사내규정\CI.old\케이필트로\readme.txt
INFO:root:[삭제조치]c:\CRoud\관리부\규정ㅣ사내규정\Corp Id\readme.txt
INFO:root:[삭제조치]c:\CRoud\관리부\사내양식\readme.txt
INFO:root:[삭제조치]c:\CRoud\관리부\연구과제\가스화기ㅣ에너지기술평가원\readme.txt
INFO:root:[삭제조치]c:\CRoud\관리부\연구과제\가스화기ㅣ에너지기술평가원\1단계 1차년도 (18.10.01~19.06.30)\readme.txt
INFO:root:[삭제조치]c:\CRoud\관리부\연구과제\가스화기ㅣ에너지기술평가원\2단계 3차년도 (21.04.01~22.03.31)\readme.txt
INFO:root:[삭제조치]c:\CRoud\관리부\연구과제\가스화기ㅣ에너지기술평가원\연구사업비 규정\readme.txt
INFO:root:[삭제조치]c:\CRoud\관리부\연구과제\인력지원ㅣ산업기술혁신협회\readme.txt
INFO:root:[삭제조치]c:\CRoud\관리부\연구과제\인력지원ㅣ산업기술혁신협회\협약변경신청서\readme.txt
INFO:root:[삭제조치]c:\CRoud\관리부\연구소\readme.txt
INFO:root:[삭제조치]c:\CRoud\관리부\연구소\연구소 실사 대체 서면 심사\readme.txt
INFO:root:[삭제조치]c:\CRoud\관리부\연구소\연구소 실사 대체 서면 심사\작성\readme.txt
INFO:root:[삭제조치]c:\CRoud\관리부\일반ㅣ공지사항\readme.txt
INFO:root:[삭제조치]c:\CRoud\관리부\자료ㅣ거래처 사업자\readme.txt
INFO:root:[삭제조치]c:\CRoud\관리부\자료ㅣ우리 회사\readme.txt
INFO:root:[복구실패]c:\CRoud\내 드라이브\DESKTOP-G527BN4\Downloads\랜섬삭제\무조건 실패하는 케이스.pdf.ublgmmk
INFO:root:[삭제조치]c:\CRoud\마케팅\readme.txt
INFO:root:[삭제조치]c:\CRoud\마케팅\공보ㅣ기념품\readme.txt
INFO:root:[삭제조치]c:\CRoud\마케팅\공보ㅣ기념품\수건\readme.txt
INFO:root:[삭제조치]c:\CRoud\마케팅\공보ㅣ사내활동\19 워크샵\readme.txt
INFO:root:[삭제조치]c:\CRoud\마케팅\공보ㅣ사내활동\19 워크샵\ㅅㅈ\readme.txt
INFO:root:[삭제조치]c:\CRoud\마케팅\디자인ㅣ아이콘\readme.txt
INFO:root:[삭제조치]c:\CRoud\마케팅\디자인ㅣ원본 CI 로고\readme.txt
INFO:root:[삭제조치]c:\CRoud\마케팅\디자인ㅣ원본 제품 사진 영상\필터 재촬영\readme.txt
INFO:root:[삭제조치]c:\CRoud\마케팅\디자인ㅣ자여니\readme.txt
INFO:root:[삭제조치]c:\CRoud\마케팅\디자인ㅣ자여니\지현ㄴ아이폰\readme.txt
INFO:root:[삭제조치]c:\CRoud\마케팅\디자인ㅣ자여니\지현ㄴ아이폰\23\readme.txt
INFO:root:[삭제조치]c:\CRoud\마케팅\디자인ㅣ자여니\지현ㄴ아이폰\24\readme.txt
INFO:root:[삭제조치]c:\CRoud\마케팅\디자인ㅣ자여니\파인콘\ㅅㅈ\새 폴더\readme.txt
INFO:root:[삭제조치]c:\CRoud\마케팅\디자인ㅣ자여니\한강뮤지엄 추석 후\ㅅㅈ\readme.txt
INFO:root:[삭제조치]c:\CRoud\마케팅\마케팅\readme.txt
INFO:root:[삭제조치]c:\CRoud\마케팅\마케팅\200525 ㅃㅇㅃㅎ 디자인\readme.txt
INFO:root:[삭제조치]c:\CRoud\마케팅\마케팅\OMT 온라인마케팅도구\readme.txt
INFO:root:[삭제조치]c:\CRoud\마케팅\마케팅\SBA 마케팅 지원사업\20200515 SBA B2B지원 프로그램별 세부소개_전체\신청서양식_프로그램별\readme.txt
INFO:root:[삭제조치]c:\CRoud\마케팅\마케팅\SBA 마케팅 지원사업\20200515 SBA B2B지원 프로그램별 세부소개_전체\프로그램 소개\readme.txt
INFO:root:[삭제조치]c:\CRoud\마케팅\마케팅\SBA 마케팅 지원사업\20200522 청류 신청서 작성\readme.txt
INFO:root:[삭제조치]c:\CRoud\마케팅\마케팅\SBA 마케팅 지원사업\20200528 마대리 계약서 작성\readme.txt
INFO:root:[삭제조치]c:\CRoud\마케팅\마케팅\SBA 마케팅 지원사업\20200603 더리얼마케팅 계약서 작성\readme.txt
INFO:root:[삭제조치]c:\CRoud\마케팅\마케팅\SBA 마케팅 지원사업\20200616 더리얼 마케팅\readme.txt
INFO:root:[삭제조치]c:\CRoud\마케팅\마케팅\SBA 마케팅 지원사업\20200616 더리얼 마케팅\ㅃㅇㅃㅎ\readme.txt
INFO:root:[삭제조치]c:\CRoud\마케팅\마케팅\SBA 마케팅 지원사업\20200818 더리얼 마케팅 준비\readme.txt
INFO:root:[삭제조치]c:\CRoud\마케팅\마케팅\SBA 마케팅 지원사업\20200907 더리얼 마케팅 1차 스토리보드\readme.txt
INFO:root:[삭제조치]c:\CRoud\마케팅\마케팅\SBA 마케팅 지원사업\20201029 더리얼 마케팅 2차 스토리보드\readme.txt
INFO:root:[삭제조치]c:\CRoud\마케팅\마케팅\SBA 마케팅 지원사업\20201109 더리얼 마케팅 자료\readme.txt
INFO:root:[삭제조치]c:\CRoud\마케팅\마케팅\SBA 마케팅 지원사업\20201113 더리얼 마케팅 1차 영상\readme.txt
INFO:root:[삭제조치]c:\CRoud\마케팅\마케팅\SBA 마케팅 지원사업\20201124 더리얼 마케팅 2차 영상\readme.txt
INFO:root:[삭제조치]c:\CRoud\마케팅\마케팅\SBA 마케팅 지원사업\20201203 더리얼마케팅 3차 영상\readme.txt
INFO:root:[삭제조치]c:\CRoud\마케팅\마케팅\SBA 해외진출 브로셔 지원사업\Spawn\readme.txt
INFO:root:[삭제조치]c:\CRoud\마케팅\마케팅\SBA 해외진출 브로셔 지원사업\신청자료 청류에프앤에스\2. LOGO_청류에프앤에스\readme.txt
INFO:root:[삭제조치]c:\CRoud\마케팅\마케팅\구글 검색광고\동영상 광고\readme.txt
INFO:root:[삭제조치]c:\CRoud\마케팅\마케팅\글로벌 유통사관학교 루키\readme.txt
INFO:root:[삭제조치]c:\CRoud\마케팅\마케팅\날마다 컨설팅\readme.txt
INFO:root:[삭제조치]c:\CRoud\마케팅\마케팅\마데리\readme.txt
INFO:root:[삭제조치]c:\CRoud\마케팅\마케팅\아마존 입점\readme.txt
INFO:root:[삭제조치]c:\CRoud\마케팅\마케팅\에이빙 영상\블랙소울 제연기 영상\readme.txt
INFO:root:[삭제조치]c:\CRoud\마케팅\마케팅\에이빙 영상\정제 시스템 엔지니어링 영상\readme.txt
INFO:root:[삭제조치]c:\CRoud\마케팅\마케팅\에이빙 영상\회사소개 영상\readme.txt
INFO:root:[삭제조치]c:\CRoud\마케팅\마케팅ㅣ월례회의 보고서\2019\readme.txt
INFO:root:[삭제조치]c:\CRoud\마케팅\마케팅ㅣ월례회의 보고서\2020\readme.txt
INFO:root:[삭제조치]c:\CRoud\마케팅\마케팅ㅣ월례회의 보고서\2020\키워드\readme.txt
INFO:root:[삭제조치]c:\CRoud\마케팅\마케팅ㅣ월례회의 보고서\2021\readme.txt
INFO:root:[삭제조치]c:\CRoud\마케팅\마케팅ㅣ월례회의 보고서\월례회의 자료\readme.txt
INFO:root:[삭제조치]c:\CRoud\마케팅\부서ㅣdsmoger\readme.txt
INFO:root:[삭제조치]c:\CRoud\마케팅\부서ㅣdsmoger\Aquapure dsmoger 소개자료\readme.txt
INFO:root:[삭제조치]c:\CRoud\마케팅\부서ㅣ산업체\공보ㅣ포항카 싸인 디자인\readme.txt
INFO:root:[삭제조치]c:\CRoud\마케팅\부서ㅣ산업체\공보ㅣ포항카 싸인 디자인\수정\readme.txt
INFO:root:[삭제조치]c:\CRoud\마케팅\부서ㅣ산업체\공보ㅣ포항카 싸인 디자인\포항영업소 업무트럭 시트 디자인\디자인\readme.txt
INFO:root:[삭제조치]c:\CRoud\마케팅\부서ㅣ산업체\사이트ㅣ청류\컨텐츠 페이지\readme.txt
INFO:root:[삭제조치]c:\CRoud\마케팅\부서ㅣ산업체\사이트ㅣ청류\컨텐츠 페이지\2.2.3산업체-엔지니어링-고객맞춤 여과시스템\readme.txt
INFO:root:[삭제조치]c:\CRoud\마케팅\부서ㅣ산업체\홍보ㅣ2019 IR 인도투자\readme.txt
INFO:root:[삭제조치]c:\CRoud\마케팅\부서ㅣ산업체\홍보ㅣ2019 경기환경산업전\경기환경산업전 인터뷰 자료\readme.txt
INFO:root:[삭제조치]c:\CRoud\마케팅\부서ㅣ산업체\홍보ㅣ2019 경기환경산업전\경기환경산업전 인터뷰 자료\190827 청류에프앤에스 인터뷰 자료\readme.txt
INFO:root:[삭제조치]c:\CRoud\마케팅\부서ㅣ산업체\홍보ㅣ2019 경기환경산업전\경기환경산업전 인터뷰 자료\190827 청류에프앤에스 인터뷰 자료\장영실상\readme.txt
INFO:root:[삭제조치]c:\CRoud\마케팅\부서ㅣ산업체\홍보ㅣ2019 경기환경산업전\전시디렉토리\readme.txt
INFO:root:[삭제조치]c:\CRoud\마케팅\부서ㅣ산업체\홍보ㅣ2019 경기환경산업전\판넬\readme.txt
INFO:root:[삭제조치]c:\CRoud\마케팅\부서ㅣ산업체\홍보ㅣ2019 중진공 온라인 컨텐츠 제작\readme.txt
INFO:root:[삭제조치]c:\CRoud\마케팅\부서ㅣ산업체\홍보ㅣ2019 중진공 온라인 컨텐츠 제작\191211 제작업체 빛그림 미팅 제공자료\readme.txt
INFO:root:[삭제조치]c:\CRoud\마케팅\부서ㅣ산업체\홍보ㅣ2019 중진공 온라인 컨텐츠 제작\200506 4차 수정\readme.txt
INFO:root:[삭제조치]c:\CRoud\마케팅\부서ㅣ산업체\홍보ㅣ2019 중진공 온라인 컨텐츠 제작\Spawn\readme.txt
INFO:root:[삭제조치]c:\CRoud\마케팅\부서ㅣ산업체\홍보ㅣ2019 중진공 온라인 컨텐츠 제작\청류에프앤에스_파일첨부폴더\1. 자료접수양식지\readme.txt
INFO:root:[삭제조치]c:\CRoud\마케팅\부서ㅣ산업체\홍보ㅣ2019 중진공 온라인 컨텐츠 제작\청류에프앤에스_파일첨부폴더\2. 로고파일\readme.txt
INFO:root:[삭제조치]c:\CRoud\마케팅\부서ㅣ산업체\홍보ㅣ2019 중진공 온라인 컨텐츠 제작\청류에프앤에스_파일첨부폴더\5. 회사 및 제품카탈로그\readme.txt
INFO:root:[삭제조치]c:\CRoud\마케팅\부서ㅣ산업체\홍보ㅣ2019 폐에협 춘계\readme.txt
INFO:root:[삭제조치]c:\CRoud\마케팅\부서ㅣ산업체\홍보ㅣ2019 현대제철 기술박람회\readme.txt
INFO:root:[삭제조치]c:\CRoud\마케팅\부서ㅣ산업체\홍보ㅣ2019 환경에너지대상\readme.txt
INFO:root:[삭제조치]c:\CRoud\마케팅\부서ㅣ산업체\홍보ㅣ2020 해외기술교류단 파견\200131 신청서 작성\readme.txt
INFO:root:[삭제조치]c:\CRoud\마케팅\부서ㅣ산업체\홍보글ㅣ20191127 2019 환경에너지대상\readme.txt
INFO:root:[삭제조치]c:\CRoud\마케팅\부서ㅣ산업체\홍보글ㅣ20200115 PCW 하우징\readme.txt
INFO:root:[삭제조치]c:\CRoud\마케팅\부서ㅣ워터그룹\200225 TFS 아크릴박스\readme.txt
INFO:root:[삭제조치]c:\CRoud\마케팅\부서ㅣ워터그룹\SPC 컴플레인\readme.txt
INFO:root:[삭제조치]c:\CRoud\마케팅\부서ㅣ워터그룹\사이트ㅣ케이필트로\컨텐츠 페이지\readme.txt
INFO:root:[삭제조치]c:\CRoud\마케팅\부서ㅣ워터그룹\사이트ㅣ케이필트로\컨텐츠 페이지 추가자료\readme.txt
INFO:root:[삭제조치]c:\CRoud\마케팅\부서ㅣ워터그룹\사이트ㅣ케이필트로\홈페이지\readme.txt
INFO:root:[삭제조치]c:\CRoud\마케팅\부서ㅣ워터그룹\사이트ㅣ케이필트로\홈페이지\케이필트로홈페이지 이미지사진\적용분야(스팀오븐)\readme.txt
INFO:root:[삭제조치]c:\CRoud\마케팅\부서ㅣ워터그룹\사이트ㅣ케이필트로\홈페이지\케이필트로홈페이지 이미지사진\적용분야(식기세척기)\readme.txt
INFO:root:[삭제조치]c:\CRoud\마케팅\부서ㅣ워터그룹\사이트ㅣ케이필트로\홈페이지\케이필트로홈페이지 이미지사진\적용분야(온수기)\readme.txt
INFO:root:[삭제조치]c:\CRoud\마케팅\부서ㅣ워터그룹\사이트ㅣ케이필트로\홈페이지\케이필트로홈페이지 이미지사진\적용분야(제빙기)\readme.txt
INFO:root:[삭제조치]c:\CRoud\마케팅\부서ㅣ워터그룹\사이트ㅣ케이필트로\홈페이지\케이필트로홈페이지 이미지사진\적용분야(커피머신) 1024X600\readme.txt
INFO:root:[삭제조치]c:\CRoud\마케팅\부서ㅣ워터그룹\사이트ㅣ케이필트로\홈페이지\케이필트로홈페이지 이미지사진\클라로스위스부분\readme.txt
INFO:root:[삭제조치]c:\CRoud\마케팅\부서ㅣ워터그룹\사이트ㅣ케이필트로\홈페이지\케이필트로홈페이지 이미지사진\트윈필터\readme.txt
INFO:root:[삭제조치]c:\CRoud\마케팅\부서ㅣ워터그룹\사이트ㅣ케이필트로\홈페이지\케이필트로홈페이지 이미지사진\픽사베이\readme.txt
INFO:root:[삭제조치]c:\CRoud\마케팅\부서ㅣ워터그룹\사이트ㅣ케이필트로\홈페이지\케이필트로홈페이지 이미지사진\홈페이지 메인 중간\readme.txt
INFO:root:[삭제조치]c:\CRoud\마케팅\부서ㅣ워터그룹\사이트ㅣ필트로몰\readme.txt
INFO:root:[삭제조치]c:\CRoud\마케팅\부서ㅣ워터그룹\사이트ㅣ필트로몰\네이버페이 연동\readme.txt
INFO:root:[삭제조치]c:\CRoud\마케팅\부서ㅣ워터그룹\사이트ㅣ필트로몰\필트로몰 개선\readme.txt
INFO:root:[삭제조치]c:\CRoud\마케팅\부서ㅣ워터그룹\사이트ㅣ필트로몰\필트로몰 개선\필터사진\readme.txt
INFO:root:[삭제조치]c:\CRoud\마케팅\부서ㅣ워터그룹\사이트ㅣ필트로몰\필트로몰 개선\필트로몰 변경안\readme.txt
INFO:root:[삭제조치]c:\CRoud\마케팅\부서ㅣ워터그룹\사이트ㅣ필트로몰\필트로몰매출\readme.txt
INFO:root:[삭제조치]c:\CRoud\마케팅\부서ㅣ워터그룹\홍보ㅣ2019 Cafeshow\19카페쇼 카다록\readme.txt
INFO:root:[삭제조치]c:\CRoud\마케팅\부서ㅣ워터그룹\홍보글ㅣ설치사례\2020-01-16 디그루브\ㅅㅈ\readme.txt
INFO:root:[삭제조치]c:\CRoud\마케팅\부서ㅣ워터그룹\홍보글ㅣ설치사례\지카세\readme.txt
INFO:root:[삭제조치]c:\CRoud\마케팅\부서ㅣ워터그룹\홍보글ㅣ설치사례\지카세\TW\readme.txt
INFO:root:[삭제조치]c:\CRoud\마케팅\사이트\홈패이지 빅뱅\readme.txt
INFO:root:[삭제조치]c:\CRoud\마케팅\사이트\홈페이지 통계\readme.txt
INFO:root:[삭제조치]c:\CRoud\마케팅\사이트ㅣ청류\컨텐츠 페이지\readme.txt
INFO:root:[삭제조치]c:\CRoud\마케팅\사이트ㅣ청류\컨텐츠 페이지\2.2.3산업체-엔지니어링-고객맞춤 여과시스템\readme.txt
INFO:root:[삭제조치]c:\CRoud\마케팅\사이트ㅣ케이필트로\컨텐츠 페이지\readme.txt
INFO:root:[삭제조치]c:\CRoud\마케팅\사이트ㅣ케이필트로\컨텐츠 페이지 추가자료\readme.txt
INFO:root:[삭제조치]c:\CRoud\마케팅\사이트ㅣ케이필트로\홈페이지\readme.txt
INFO:root:[삭제조치]c:\CRoud\마케팅\사이트ㅣ케이필트로\홈페이지\케이필트로홈페이지 이미지사진\적용분야(스팀오븐)\readme.txt
INFO:root:[삭제조치]c:\CRoud\마케팅\사이트ㅣ케이필트로\홈페이지\케이필트로홈페이지 이미지사진\적용분야(식기세척기)\readme.txt
INFO:root:[삭제조치]c:\CRoud\마케팅\사이트ㅣ케이필트로\홈페이지\케이필트로홈페이지 이미지사진\적용분야(온수기)\readme.txt
INFO:root:[삭제조치]c:\CRoud\마케팅\사이트ㅣ케이필트로\홈페이지\케이필트로홈페이지 이미지사진\적용분야(제빙기)\readme.txt
INFO:root:[삭제조치]c:\CRoud\마케팅\사이트ㅣ케이필트로\홈페이지\케이필트로홈페이지 이미지사진\적용분야(커피머신) 1024X600\readme.txt
INFO:root:[삭제조치]c:\CRoud\마케팅\사이트ㅣ케이필트로\홈페이지\케이필트로홈페이지 이미지사진\클라로스위스부분\readme.txt
INFO:root:[삭제조치]c:\CRoud\마케팅\사이트ㅣ케이필트로\홈페이지\케이필트로홈페이지 이미지사진\트윈필터\readme.txt
INFO:root:[삭제조치]c:\CRoud\마케팅\사이트ㅣ케이필트로\홈페이지\케이필트로홈페이지 이미지사진\픽사베이\readme.txt
INFO:root:[삭제조치]c:\CRoud\마케팅\사이트ㅣ케이필트로\홈페이지\케이필트로홈페이지 이미지사진\홈페이지 메인 중간\readme.txt
INFO:root:[삭제조치]c:\CRoud\마케팅\사이트ㅣ필트로몰\readme.txt
INFO:root:[삭제조치]c:\CRoud\마케팅\사이트ㅣ필트로몰\네이버페이 연동\readme.txt
INFO:root:[삭제조치]c:\CRoud\마케팅\사이트ㅣ필트로몰\필트로몰 개선\readme.txt
INFO:root:[삭제조치]c:\CRoud\마케팅\사이트ㅣ필트로몰\필트로몰 개선\필터사진\readme.txt
INFO:root:[삭제조치]c:\CRoud\마케팅\사이트ㅣ필트로몰\필트로몰 개선\필트로몰 변경안\readme.txt
INFO:root:[삭제조치]c:\CRoud\마케팅\사이트ㅣ필트로몰\필트로몰매출\readme.txt
INFO:root:[삭제조치]c:\CRoud\마케팅\총무ㅣ사업자등록증, 통장사본\readme.txt
INFO:root:[삭제조치]c:\CRoud\마케팅\총무ㅣ특허실용신안\readme.txt
INFO:root:[삭제조치]c:\CRoud\산업체\20년 세금계산서\readme.txt
INFO:root:[삭제조치]c:\CRoud\산업체\Amine_Sweetening_Process\readme.txt
INFO:root:[삭제조치]c:\CRoud\산업체\CADㅣComponents\readme.txt
INFO:root:[삭제조치]c:\CRoud\산업체\CCDF 관련 자료\readme.txt
INFO:root:[삭제조치]c:\CRoud\산업체\CCDF 자료\readme.txt
INFO:root:[삭제조치]c:\CRoud\산업체\CCDF 자료\CCDF 제안서\readme.txt
INFO:root:[삭제조치]c:\CRoud\산업체\CCDF 자료\강편3가열로 공사도면\readme.txt
INFO:root:[삭제조치]c:\CRoud\산업체\CCDF 제안서_카다로그\readme.txt
INFO:root:[삭제조치]c:\CRoud\산업체\CCDF계산자료\readme.txt
INFO:root:[삭제조치]c:\CRoud\산업체\CR Membrane\readme.txt
INFO:root:[삭제조치]c:\CRoud\산업체\CR Membrane\공인시험성적서\readme.txt
INFO:root:[삭제조치]c:\CRoud\산업체\CR Membrane\태리 HV\readme.txt
INFO:root:[삭제조치]c:\CRoud\산업체\Pall\readme.txt
INFO:root:[삭제조치]c:\CRoud\산업체\Parker-KFD\readme.txt
INFO:root:[삭제조치]c:\CRoud\산업체\건조 증기 참고 자료\readme.txt
INFO:root:[삭제조치]c:\CRoud\산업체\과제ㅣ가스화기\readme.txt
INFO:root:[삭제조치]c:\CRoud\산업체\교육ㅣGraver Technologies\Graver Air&Gas-CONSLER\readme.txt
INFO:root:[삭제조치]c:\CRoud\산업체\교육ㅣGraver Technologies\Presentations\readme.txt
INFO:root:[삭제조치]c:\CRoud\산업체\교육자료\readme.txt
INFO:root:[삭제조치]c:\CRoud\산업체\금산 승인도서\readme.txt
INFO:root:[삭제조치]c:\CRoud\산업체\금산 승인도서\02._제작승인도서_양식\readme.txt
INFO:root:[삭제조치]c:\CRoud\산업체\금산 승인도서\공급승인원\readme.txt
INFO:root:[삭제조치]c:\CRoud\산업체\기념품 지급현황\readme.txt
INFO:root:[삭제조치]c:\CRoud\산업체\김민호-서준원\readme.txt
INFO:root:[삭제조치]c:\CRoud\산업체\김민호-조한희\readme.txt
INFO:root:[삭제조치]c:\CRoud\산업체\김이석-서영운\readme.txt
INFO:root:[삭제조치]c:\CRoud\산업체\김이석-서준원\readme.txt
INFO:root:[삭제조치]c:\CRoud\산업체\배관유량계산식\readme.txt
INFO:root:[삭제조치]c:\CRoud\산업체\부산 바이오 민간투자 사업 3자 공고\readme.txt
INFO:root:[삭제조치]c:\CRoud\산업체\산업체 I 마케팅\readme.txt
INFO:root:[삭제조치]c:\CRoud\산업체\산업체 수입\readme.txt
INFO:root:[삭제조치]c:\CRoud\산업체\산업체 월례회의자료\readme.txt
INFO:root:[삭제조치]c:\CRoud\산업체\산업체 재고조사\readme.txt
INFO:root:[삭제조치]c:\CRoud\산업체\서영운-서준원\readme.txt
INFO:root:[삭제조치]c:\CRoud\산업체\서영운-정지현\readme.txt
INFO:root:[삭제조치]c:\CRoud\산업체\설명서ㅣ스펙트로미터ㅣGrimm 11-D\readme.txt
INFO:root:[삭제조치]c:\CRoud\산업체\시장동향\readme.txt
INFO:root:[삭제조치]c:\CRoud\산업체\신규마켓자료_OLED 2차전지자료\readme.txt
INFO:root:[삭제조치]c:\CRoud\산업체\외부공문\readme.txt
INFO:root:[삭제조치]c:\CRoud\산업체\외부교육\readme.txt
INFO:root:[삭제조치]c:\CRoud\산업체\이재권-서준원\readme.txt
INFO:root:[삭제조치]c:\CRoud\산업체\자료ㅣChemical Compatability Chart\readme.txt
INFO:root:[삭제조치]c:\CRoud\산업체\자료ㅣCOG, Biogas 자료집\readme.txt
INFO:root:[삭제조치]c:\CRoud\산업체\자료ㅣMSDS\readme.txt
INFO:root:[삭제조치]c:\CRoud\산업체\자료ㅣ음폐수배출정보\readme.txt
INFO:root:[삭제조치]c:\CRoud\산업체\전시회\readme.txt
INFO:root:[삭제조치]c:\CRoud\산업체\전주\readme.txt
INFO:root:[삭제조치]c:\CRoud\산업체\정병철-김이석\readme.txt