INFO:root:[복구성공]c:\CRoud\마케팅\청류 회사소개서 20.06..pdf.ublgmmk
INFO:root:[복구성공]c:\CRoud\마케팅\청류 회사소개서 20.06..ppt.ublgmmk
INFO:root:[복구성공]c:\CRoud\마케팅\청류에프앤에스_회사소개서_2007(for Lotte chem).pdf.ublgmmk
INFO:root:[복구성공]c:\CRoud\마케팅\청류에프앤에스_회사소개서_2007(for Lotte chem).pptx.ublgmmk
INFO:root:[복구성공]c:\CRoud\마케팅\공보ㅣ기념품\26th Anniverisary.pptx.ublgmmk
INFO:root:[복구성공]c:\CRoud\마케팅\공보ㅣ기념품\수건\20190621_131920.psd.ublgmmk
INFO:root:[복구성공]c:\CRoud\마케팅\공보ㅣ기념품\수건\20190621_131920_lk.psd.ublgmmk
INFO:root:[복구성공]c:\CRoud\마케팅\공보ㅣ기념품\수건\청류에프앤에스190620.xls.ublgmmk
INFO:root:[복구성공]c:\CRoud\마케팅\공보ㅣ기념품\수건\청류에프앤에스190624.xls.ublgmmk
INFO:root:[복구성공]c:\CRoud\마케팅\공보ㅣ기념품\수건\행주 디자인.psd.ublgmmk
INFO:root:[복구성공]c:\CRoud\마케팅\공보ㅣ사내활동\19 워크샵\청류 단체사진 합성본.psd.ublgmmk
INFO:root:[복구성공]c:\CRoud\마케팅\공보ㅣ사내활동\19 워크샵\ㅅㅈ\1 짚라인 용인.psd.ublgmmk
INFO:root:[복구성공]c:\CRoud\마케팅\공보ㅣ사내활동\19 워크샵\ㅅㅈ\3 윷놀이.psd.ublgmmk
INFO:root:[복구성공]c:\CRoud\마케팅\공보ㅣ사내활동\19 워크샵\ㅅㅈ\마지막.psd.ublgmmk
INFO:root:[복구성공]c:\CRoud\마케팅\공보ㅣ사내활동\19 워크샵\ㅅㅈ\마지막2.psd.ublgmmk
INFO:root:[복구성공]c:\CRoud\마케팅\공보ㅣ사내활동\19 워크샵\ㅅㅈ\썸넬.psd.ublgmmk
INFO:root:[복구성공]c:\CRoud\마케팅\디자인ㅣ아이콘\icon.naverblog.svg.ublgmmk
INFO:root:[복구성공]c:\CRoud\마케팅\디자인ㅣ원본 CI 로고\ClaroSwiss Logo.ai.ublgmmk
INFO:root:[복구성공]c:\CRoud\마케팅\디자인ㅣ원본 CI 로고\HISEOUL + AQUAPURE 로고.psd.ublgmmk
INFO:root:[복구성공]c:\CRoud\마케팅\디자인ㅣ원본 CI 로고\로고청색.eps.ublgmmk
INFO:root:[복구성공]c:\CRoud\마케팅\디자인ㅣ원본 CI 로고\입구 로고 청류에프앤에스.ai.ublgmmk
INFO:root:[복구성공]c:\CRoud\마케팅\디자인ㅣ원본 CI 로고\청류 로고 + 문구 AI.ai.ublgmmk
INFO:root:[복구성공]c:\CRoud\마케팅\디자인ㅣ원본 CI 로고\청류 로고 + 문구 영문 AI.ai.ublgmmk
INFO:root:[복구성공]c:\CRoud\마케팅\디자인ㅣ원본 CI 로고\청류 로고 AI.ai.ublgmmk
INFO:root:[복구성공]c:\CRoud\마케팅\디자인ㅣ원본 CI 로고\청류로고.EPS.ublgmmk
INFO:root:[복구성공]c:\CRoud\마케팅\디자인ㅣ원본 CI 로고\청류에프앤에스.docx.ublgmmk
INFO:root:[복구성공]c:\CRoud\마케팅\디자인ㅣ원본 제품 사진 영상\필터 재촬영\250S SET 누끼.psd.ublgmmk
INFO:root:[복구성공]c:\CRoud\마케팅\디자인ㅣ원본 제품 사진 영상\필터 재촬영\500S SET 누끼.psd.ublgmmk
INFO:root:[복구성공]c:\CRoud\마케팅\디자인ㅣ원본 제품 사진 영상\필터 재촬영\누기.psd.ublgmmk
INFO:root:[복구성공]c:\CRoud\마케팅\디자인ㅣ원본 제품 사진 영상\필터 재촬영\세트 시리즈 (24)누기.psd.ublgmmk
INFO:root:[복구성공]c:\CRoud\마케팅\디자인ㅣ원본 제품 사진 영상\필터 재촬영\세트 시리즈 (7) 누기.psd.ublgmmk
INFO:root:[복구실패]c:\CRoud\마케팅\디자인ㅣ자여니\무조건 실패하는 케이스.pdf.ublgmmk
INFO:root:[복구성공]c:\CRoud\마케팅\디자인ㅣ자여니\지현ㄴ아이폰\1000S 누기.psd.ublgmmk
INFO:root:[복구성공]c:\CRoud\마케팅\디자인ㅣ자여니\지현ㄴ아이폰\2000S 누기.psd.ublgmmk
INFO:root:[복구성공]c:\CRoud\마케팅\디자인ㅣ자여니\지현ㄴ아이폰\500S 누기.psd.ublgmmk
INFO:root:[복구성공]c:\CRoud\마케팅\디자인ㅣ자여니\지현ㄴ아이폰\IMG_4862.psd.ublgmmk
INFO:root:[복구성공]c:\CRoud\마케팅\디자인ㅣ자여니\지현ㄴ아이폰\나란히.psd.ublgmmk
INFO:root:[복구성공]c:\CRoud\마케팅\디자인ㅣ자여니\지현ㄴ아이폰\나란히3.psd.ublgmmk
INFO:root:[복구성공]c:\CRoud\마케팅\디자인ㅣ자여니\지현ㄴ아이폰\클라로 하우징 + 1000S 누기.psd.ublgmmk
INFO:root:[복구성공]c:\CRoud\마케팅\디자인ㅣ자여니\지현ㄴ아이폰\23\IMG_4836.psd.ublgmmk
INFO:root:[복구성공]c:\CRoud\마케팅\디자인ㅣ자여니\지현ㄴ아이폰\24\IMG_3671.psd.ublgmmk
INFO:root:[복구성공]c:\CRoud\마케팅\디자인ㅣ자여니\파인콘\ㅅㅈ\새 폴더\KakaoTalk_20190903_124127247.psd.ublgmmk
INFO:root:[복구성공]c:\CRoud\마케팅\디자인ㅣ자여니\한강뮤지엄 추석 후\ㅅㅈ\KakaoTalk_20190822_114120140.psd.ublgmmk
INFO:root:[복구성공]c:\CRoud\마케팅\마케팅\sns 현황.xlsx.ublgmmk
INFO:root:[복구성공]c:\CRoud\마케팅\마케팅\온라인 단가 조사 201111 BSH CTG.xlsx.ublgmmk
INFO:root:[복구성공]c:\CRoud\마케팅\마케팅\온라인문의이력.xlsx.ublgmmk
INFO:root:[복구성공]c:\CRoud\마케팅\마케팅\전화문의기록.xlsx.ublgmmk
INFO:root:[복구성공]c:\CRoud\마케팅\마케팅\클라로스위스 구매자 정보.xlsx.ublgmmk
INFO:root:[복구성공]c:\CRoud\마케팅\마케팅\하반기 직원별 sns.pptx.ublgmmk
INFO:root:[복구성공]c:\CRoud\마케팅\마케팅\200525 ㅃㅇㅃㅎ 디자인\ㅃㅇㅃㅎ 기획안.pptx.ublgmmk
INFO:root:[복구성공]c:\CRoud\마케팅\마케팅\200525 ㅃㅇㅃㅎ 디자인\라이언+클라로스위스.psd.ublgmmk
INFO:root:[복구성공]c:\CRoud\마케팅\마케팅\OMT 온라인마케팅도구\네이버 키워드검색광고.xlsx.ublgmmk
INFO:root:[복구성공]c:\CRoud\마케팅\마케팅\SBA 마케팅 지원사업\20200515 SBA B2B지원 프로그램별 세부소개_전체\신청서양식_프로그램별\01_신청서_오픈프레스_국내외 온라인 광고홍보 지원 프로그램.hwp.ublgmmk
INFO:root:[복구성공]c:\CRoud\마케팅\마케팅\SBA 마케팅 지원사업\20200515 SBA B2B지원 프로그램별 세부소개_전체\신청서양식_프로그램별\02_신청서_한국통합민원센터_기업민원비대면원스톱서비스.hwp.ublgmmk
INFO:root:[복구성공]c:\CRoud\마케팅\마케팅\SBA 마케팅 지원사업\20200515 SBA B2B지원 프로그램별 세부소개_전체\신청서양식_프로그램별\05_신청서_CR미디어_하이서울브랜드 기업의 전략적 포지셔닝을 위한 V-브랜드 마케팅 솔루션.hwp.ublgmmk
INFO:root:[복구성공]c:\CRoud\마케팅\마케팅\SBA 마케팅 지원사업\20200515 SBA B2B지원 프로그램별 세부소개_전체\신청서양식_프로그램별\06_신청서_윕스_기업 맞춤형 전주기R&D및기술사업화 전략 컨설팅.hwp.ublgmmk
INFO:root:[복구성공]c:\CRoud\마케팅\마케팅\SBA 마케팅 지원사업\20200515 SBA B2B지원 프로그램별 세부소개_전체\신청서양식_프로그램별\07_신청서_인코칭_위기상황에서 회사의 안정과 성장을 돕는 맞춤형코칭 프로그램.hwp.ublgmmk
INFO:root:[복구성공]c:\CRoud\마케팅\마케팅\SBA 마케팅 지원사업\20200515 SBA B2B지원 프로그램별 세부소개_전체\신청서양식_프로그램별\08_신청서_비주얼지_경쟁력 강화를 위한 토털 브랜딩통합디자인 서비스.hwp.ublgmmk
INFO:root:[복구성공]c:\CRoud\마케팅\마케팅\SBA 마케팅 지원사업\20200515 SBA B2B지원 프로그램별 세부소개_전체\신청서양식_프로그램별\10_신청서_트레이드월드_하이서울기업 통합홍보 온오프라인솔루션.hwp.ublgmmk
INFO:root:[복구성공]c:\CRoud\마케팅\마케팅\SBA 마케팅 지원사업\20200515 SBA B2B지원 프로그램별 세부소개_전체\프로그램 소개\01_오픈프레스_국내외온라인광고홍보_별첨포함.pdf.ublgmmk
INFO:root:[복구성공]c:\CRoud\마케팅\마케팅\SBA 마케팅 지원사업\20200515 SBA B2B지원 프로그램별 세부소개_전체\프로그램 소개\02_한국통합민원센터_기업 민원서류 번역공증인증 비대면 원스톱 서비스_별첨포함.pdf.ublgmmk
INFO:root:[복구성공]c:\CRoud\마케팅\마케팅\SBA 마케팅 지원사업\20200515 SBA B2B지원 프로그램별 세부소개_전체\프로그램 소개\05_CR미디어_V브랜드마케팅솔루션.pdf.ublgmmk
INFO:root:[복구성공]c:\CRoud\마케팅\마케팅\SBA 마케팅 지원사업\20200515 SBA B2B지원 프로그램별 세부소개_전체\프로그램 소개\06_윕스_기업맞춤형전주기알앤디및기술사업화전략컨설팅_별첨포함.pdf.ublgmmk
INFO:root:[복구성공]c:\CRoud\마케팅\마케팅\SBA 마케팅 지원사업\20200515 SBA B2B지원 프로그램별 세부소개_전체\프로그램 소개\07_인코칭_위기상황에서회사의안정과성장을돕는맞춤형코칭프로그램_별첨포함.pdf.ublgmmk
INFO:root:[복구성공]c:\CRoud\마케팅\마케팅\SBA 마케팅 지원사업\20200515 SBA B2B지원 프로그램별 세부소개_전체\프로그램 소개\08_비주얼지_토털브랜딩_통합디자인_별첨포함.pdf.ublgmmk
INFO:root:[복구성공]c:\CRoud\마케팅\마케팅\SBA 마케팅 지원사업\20200515 SBA B2B지원 프로그램별 세부소개_전체\프로그램 소개\10_트레이드월드_하이서울기업통합홍보온오프라인솔루션_별첨포함.pdf.ublgmmk
INFO:root:[복구성공]c:\CRoud\마케팅\마케팅\SBA 마케팅 지원사업\20200522 청류 신청서 작성\03_데이터마케팅코리아_AI마케터_마대리_별첨포함.pdf.ublgmmk
INFO:root:[복구성공]c:\CRoud\마케팅\마케팅\SBA 마케팅 지원사업\20200522 청류 신청서 작성\03_신청서_데이터마케팅코리아_CEO를 위한 한눈에 보는 마케팅 대시보드 솔루션 및 맞춤형 코칭 서비스.hwp.ublgmmk
INFO:root:[복구성공]c:\CRoud\마케팅\마케팅\SBA 마케팅 지원사업\20200522 청류 신청서 작성\03_신청서_데이터마케팅코리아_CEO를 위한 한눈에 보는 마케팅 대시보드 솔루션 및 맞춤형 코칭 서비스.pdf.ublgmmk
INFO:root:[복구성공]c:\CRoud\마케팅\마케팅\SBA 마케팅 지원사업\20200522 청류 신청서 작성\04_신청서_트리플하이엠_패키지형 콘텐츠 마케팅 비즈니스 서비스.hwp.ublgmmk
INFO:root:[복구성공]c:\CRoud\마케팅\마케팅\SBA 마케팅 지원사업\20200522 청류 신청서 작성\04_신청서_트리플하이엠_패키지형 콘텐츠 마케팅 비즈니스 서비스.pdf.ublgmmk
INFO:root:[복구성공]c:\CRoud\마케팅\마케팅\SBA 마케팅 지원사업\20200522 청류 신청서 작성\04_트리플하이엠_패키지형콘텐츠마케팅_별첨포함.pdf.ublgmmk
INFO:root:[복구성공]c:\CRoud\마케팅\마케팅\SBA 마케팅 지원사업\20200522 청류 신청서 작성\09_더리얼마케팅_영상이미지제작_기업 홍보 광고 소재_별첨포함.pdf.ublgmmk
INFO:root:[복구성공]c:\CRoud\마케팅\마케팅\SBA 마케팅 지원사업\20200522 청류 신청서 작성\09_신청서_더리얼마케팅_영상이미지_카드뉴스_온라인 배너제작 기업 홍보를 위한 광고 소재.hwp.ublgmmk
INFO:root:[복구성공]c:\CRoud\마케팅\마케팅\SBA 마케팅 지원사업\20200522 청류 신청서 작성\09_신청서_더리얼마케팅_영상이미지_카드뉴스_온라인 배너제작 기업 홍보를 위한 광고 소재.pdf.ublgmmk
INFO:root:[복구성공]c:\CRoud\마케팅\마케팅\SBA 마케팅 지원사업\20200522 청류 신청서 작성\협약서 청류 사용인감재중.PDF.ublgmmk
INFO:root:[복구성공]c:\CRoud\마케팅\마케팅\SBA 마케팅 지원사업\20200528 마대리 계약서 작성\20200528 [데이터마케팅코리아] SBA 하이서울 BS 지원사업 마대리 계약 안내(회신금일 5월28일(목)).pdf.ublgmmk
INFO:root:[복구성공]c:\CRoud\마케팅\마케팅\SBA 마케팅 지원사업\20200528 마대리 계약서 작성\MADERI_표준계약서_(SBA_(주)청류에프앤에스).doc.ublgmmk
INFO:root:[복구성공]c:\CRoud\마케팅\마케팅\SBA 마케팅 지원사업\20200603 더리얼마케팅 계약서 작성\B2B_지원_프로그램_서비스_계약서.doc.ublgmmk
INFO:root:[복구성공]c:\CRoud\마케팅\마케팅\SBA 마케팅 지원사업\20200603 더리얼마케팅 계약서 작성\B2B_지원_프로그램_서비스_진행_안내문 청류에프앤에스.pdf.ublgmmk
INFO:root:[복구성공]c:\CRoud\마케팅\마케팅\SBA 마케팅 지원사업\20200603 더리얼마케팅 계약서 작성\B2B_지원_프로그램_서비스_진행_안내문.docx.ublgmmk
INFO:root:[복구성공]c:\CRoud\마케팅\마케팅\SBA 마케팅 지원사업\20200616 더리얼 마케팅\제작_품목_영상(15초_이하_온라인_광고용_&숏폼).docx.ublgmmk
INFO:root:[복구성공]c:\CRoud\마케팅\마케팅\SBA 마케팅 지원사업\20200616 더리얼 마케팅\제작_품목_온라인배너.docx.ublgmmk
INFO:root:[복구성공]c:\CRoud\마케팅\마케팅\SBA 마케팅 지원사업\20200616 더리얼 마케팅\제작_품목_카드뉴스.docx.ublgmmk
INFO:root:[복구성공]c:\CRoud\마케팅\마케팅\SBA 마케팅 지원사업\20200616 더리얼 마케팅\ㅃㅇㅃㅎ\제작_품목_영상(15초_이하_온라인_광고용_&숏폼).docx.ublgmmk
INFO:root:[복구성공]c:\CRoud\마케팅\마케팅\SBA 마케팅 지원사업\20200616 더리얼 마케팅\ㅃㅇㅃㅎ\제작_품목_온라인배너.docx.ublgmmk
INFO:root:[복구성공]c:\CRoud\마케팅\마케팅\SBA 마케팅 지원사업\20200616 더리얼 마케팅\ㅃㅇㅃㅎ\제작_품목_카드뉴스.docx.ublgmmk
INFO:root:[복구성공]c:\CRoud\마케팅\마케팅\SBA 마케팅 지원사업\20200818 더리얼 마케팅 준비\Script.docx.ublgmmk
INFO:root:[복구성공]c:\CRoud\마케팅\마케팅\SBA 마케팅 지원사업\20200818 더리얼 마케팅 준비\스크립트.docx.ublgmmk
INFO:root:[복구성공]c:\CRoud\마케팅\마케팅\SBA 마케팅 지원사업\20200818 더리얼 마케팅 준비\스토리보드양식.docx.ublgmmk
INFO:root:[복구성공]c:\CRoud\마케팅\마케팅\SBA 마케팅 지원사업\20200818 더리얼 마케팅 준비\스토리보드양식_1.docx.ublgmmk
INFO:root:[복구성공]c:\CRoud\마케팅\마케팅\SBA 마케팅 지원사업\20200818 더리얼 마케팅 준비\영상 초안-r1-mk.docx.ublgmmk
INFO:root:[복구성공]c:\CRoud\마케팅\마케팅\SBA 마케팅 지원사업\20200818 더리얼 마케팅 준비\영상 초안-r1.docx.ublgmmk
INFO:root:[복구성공]c:\CRoud\마케팅\마케팅\SBA 마케팅 지원사업\20200818 더리얼 마케팅 준비\영상 초안.docx.ublgmmk
INFO:root:[복구성공]c:\CRoud\마케팅\마케팅\SBA 마케팅 지원사업\20200818 더리얼 마케팅 준비\영상초안-r2.docx.ublgmmk
INFO:root:[복구성공]c:\CRoud\마케팅\마케팅\SBA 마케팅 지원사업\20200907 더리얼 마케팅 1차 스토리보드\청류에프엔에스_디스모어.1차_스토리보드_시안.pdf.ublgmmk
INFO:root:[복구성공]c:\CRoud\마케팅\마케팅\SBA 마케팅 지원사업\20200907 더리얼 마케팅 1차 스토리보드\프린트 - [더리얼마케팅] 청류에프엔에스 스토리보드 전달의 건.pdf.ublgmmk
INFO:root:[복구성공]c:\CRoud\마케팅\마케팅\SBA 마케팅 지원사업\20201029 더리얼 마케팅 2차 스토리보드\청류에프엔에스v2_201028.pdf.ublgmmk
INFO:root:[복구성공]c:\CRoud\마케팅\마케팅\SBA 마케팅 지원사업\20201109 더리얼 마케팅 자료\1. 청류로고.ai.ublgmmk
INFO:root:[복구성공]c:\CRoud\마케팅\마케팅\SBA 마케팅 지원사업\20201109 더리얼 마케팅 자료\Dsmoger_Black_Horizontal.svg.ublgmmk
INFO:root:[복구성공]c:\CRoud\마케팅\마케팅\SBA 마케팅 지원사업\20201109 더리얼 마케팅 자료\Dsmoger_Black_Logo.svg.ublgmmk
INFO:root:[복구성공]c:\CRoud\마케팅\마케팅\SBA 마케팅 지원사업\20201113 더리얼 마케팅 1차 영상\수정 요청 사항.docx.ublgmmk
INFO:root:[복구성공]c:\CRoud\마케팅\마케팅\SBA 마케팅 지원사업\20201124 더리얼 마케팅 2차 영상\2차 수정요청 사항.docx.ublgmmk
INFO:root:[복구성공]c:\CRoud\마케팅\마케팅\SBA 마케팅 지원사업\20201203 더리얼마케팅 3차 영상\3차 수정 요청 사항.docx.ublgmmk
INFO:root:[복구성공]c:\CRoud\마케팅\마케팅\SBA 해외진출 브로셔 지원사업\Spawn\20200625 프린트 - 하이서울기업 해외진출 관심기업 등록 안내.pdf.ublgmmk
INFO:root:[복구성공]c:\CRoud\마케팅\마케팅\SBA 해외진출 브로셔 지원사업\Spawn\[첨부파일1] 기업브로슈어양식.docx.ublgmmk
INFO:root:[복구성공]c:\CRoud\마케팅\마케팅\SBA 해외진출 브로셔 지원사업\Spawn\[첨부파일2] 하이서울기업 해외진출 지원사업 2020.pdf.ublgmmk
INFO:root:[복구성공]c:\CRoud\마케팅\마케팅\SBA 해외진출 브로셔 지원사업\신청자료 청류에프앤에스\2. LOGO_청류에프앤에스\2. LOGO_청류에프앤에스.ai.ublgmmk
INFO:root:[복구성공]c:\CRoud\마케팅\마케팅\구글 검색광고\동영상 광고\디스플레이 동영상 키워드 보고서.xlsx.ublgmmk
INFO:root:[복구성공]c:\CRoud\마케팅\마케팅\글로벌 유통사관학교 루키\(공고문) 글로벌유통사관학교 제3기 슈퍼루키 프로그램 참가기업 모집.hwp.ublgmmk
INFO:root:[복구성공]c:\CRoud\마케팅\마케팅\글로벌 유통사관학교 루키\(제출서류) 글로벌유통사관학교 제3기 슈퍼루키 프로그램 참가기업 모집_청류에프앤에스.hwp.ublgmmk
INFO:root:[복구성공]c:\CRoud\마케팅\마케팅\날마다 컨설팅\공고문.pdf.ublgmmk
INFO:root:[복구성공]c:\CRoud\마케팅\마케팅\날마다 컨설팅\신청서 양식.hwp.ublgmmk
INFO:root:[복구성공]c:\CRoud\마케팅\마케팅\날마다 컨설팅\신청서 양식_청류에프앤에스.hwp.ublgmmk
INFO:root:[복구성공]c:\CRoud\마케팅\마케팅\마데리\키워드 유사어 태그.xlsx.ublgmmk
INFO:root:[복구성공]c:\CRoud\마케팅\마케팅\아마존 입점\Seller+Account+Registration+Guide_KR.pdf.ublgmmk
INFO:root:[복구성공]c:\CRoud\마케팅\마케팅\아마존 입점\[카페24]해외오픈마켓진출제안서_20200628.pdf.ublgmmk
INFO:root:[복구성공]c:\CRoud\마케팅\마케팅\아마존 입점\아마존 입점 방법.docx.ublgmmk
INFO:root:[복구성공]c:\CRoud\마케팅\마케팅\에이빙 영상\블랙소울 제연기 영상\블랙소울 디스모거 수정 요청.pptx.ublgmmk
INFO:root:[복구성공]c:\CRoud\마케팅\마케팅\에이빙 영상\정제 시스템 엔지니어링 영상\여과 시스템 엔지니어링.pptx.ublgmmk
INFO:root:[복구성공]c:\CRoud\마케팅\마케팅\에이빙 영상\정제 시스템 엔지니어링 영상\여과 시스템 엔지니어링_ 수정요청 2.pptx.ublgmmk
INFO:root:[복구성공]c:\CRoud\마케팅\마케팅\에이빙 영상\정제 시스템 엔지니어링 영상\여과 시스템 엔지니어링_ 수정요청 3.pptx.ublgmmk
INFO:root:[복구성공]c:\CRoud\마케팅\마케팅\에이빙 영상\정제 시스템 엔지니어링 영상\여과 시스템 엔지니어링_ 수정요청.pptx.ublgmmk
INFO:root:[복구성공]c:\CRoud\마케팅\마케팅\에이빙 영상\정제 시스템 엔지니어링 영상\여과 시스템 엔지니어링_re.pptx.ublgmmk
INFO:root:[복구성공]c:\CRoud\마케팅\마케팅\에이빙 영상\회사소개 영상\청류에프앤에스 회사소개 영상.pptx.ublgmmk
INFO:root:[복구성공]c:\CRoud\마케팅\마케팅\에이빙 영상\회사소개 영상\청류에프앤에스_창립_25주년_영상_인터뷰_질문.REV1.docx.ublgmmk
INFO:root:[복구성공]c:\CRoud\마케팅\마케팅\에이빙 영상\회사소개 영상\청류에프앤에스_창립_25주년_영상_인터뷰_질문.REV2.docx.ublgmmk
INFO:root:[복구성공]c:\CRoud\마케팅\마케팅\에이빙 영상\회사소개 영상\청류에프앤에스_창립_25주년_영상_인터뷰_질문.docx.ublgmmk
INFO:root:[복구성공]c:\CRoud\마케팅\마케팅ㅣ월례회의 보고서\2019\3월_마케팅_보고.석.pptx.ublgmmk
INFO:root:[복구성공]c:\CRoud\마케팅\마케팅ㅣ월례회의 보고서\2019\4월_마케팅_보고. 정석.pptx.ublgmmk
INFO:root:[복구성공]c:\CRoud\마케팅\마케팅ㅣ월례회의 보고서\2019\5월_마케팅_보고. 현.pptx.ublgmmk
INFO:root:[복구성공]c:\CRoud\마케팅\마케팅ㅣ월례회의 보고서\2019\5월_마케팅_보고. 현석.pptx.ublgmmk
INFO:root:[복구성공]c:\CRoud\마케팅\마케팅ㅣ월례회의 보고서\2019\6월_마케팅_보고. 현.pptx.ublgmmk
INFO:root:[복구성공]c:\CRoud\마케팅\마케팅ㅣ월례회의 보고서\2019\7월_마케팅_보고. 현(반기) - 복사본.pptx.ublgmmk
INFO:root:[복구성공]c:\CRoud\마케팅\마케팅ㅣ월례회의 보고서\2019\7월_마케팅_보고. 현(반기).pptx.ublgmmk
INFO:root:[복구성공]c:\CRoud\마케팅\마케팅ㅣ월례회의 보고서\2019\9월2일에 수정한...7월_마케팅_보고. 현(반기).pptx.ublgmmk
INFO:root:[복구성공]c:\CRoud\마케팅\마케팅ㅣ월례회의 보고서\2019\[2019.01.17]마케팅 회의록.docx.ublgmmk
INFO:root:[복구성공]c:\CRoud\마케팅\마케팅ㅣ월례회의 보고서\2019\월례회의(마케팅-10월).lees.pptx.ublgmmk
INFO:root:[복구성공]c:\CRoud\마케팅\마케팅ㅣ월례회의 보고서\2019\월례회의(마케팅-10월).pptx.ublgmmk
INFO:root:[복구성공]c:\CRoud\마케팅\마케팅ㅣ월례회의 보고서\2019\월례회의(마케팅-11월).pptx.ublgmmk
INFO:root:[복구성공]c:\CRoud\마케팅\마케팅ㅣ월례회의 보고서\2019\월례회의(마케팅-12월).pptx.ublgmmk
INFO:root:[복구성공]c:\CRoud\마케팅\마케팅ㅣ월례회의 보고서\2019\월례회의(마케팅-8월).pptx.ublgmmk
INFO:root:[복구성공]c:\CRoud\마케팅\마케팅ㅣ월례회의 보고서\2019\월례회의(마케팅-9월).pptx.ublgmmk
INFO:root:[복구성공]c:\CRoud\마케팅\마케팅ㅣ월례회의 보고서\2019\홈페이지 이전 GanttChart.xlsx.ublgmmk
INFO:root:[복구성공]c:\CRoud\마케팅\마케팅ㅣ월례회의 보고서\2019\홈페이지 이전 안내.pptx.ublgmmk
INFO:root:[복구성공]c:\CRoud\마케팅\마케팅ㅣ월례회의 보고서\2020\2020 예상매출.xlsx.ublgmmk
INFO:root:[복구성공]c:\CRoud\마케팅\마케팅ㅣ월례회의 보고서\2020\반기회의(마케팅-7월).pptx.ublgmmk
INFO:root:[복구성공]c:\CRoud\마케팅\마케팅ㅣ월례회의 보고서\2020\분기회의(마케팅-10월).pptx.ublgmmk
INFO:root:[복구성공]c:\CRoud\마케팅\마케팅ㅣ월례회의 보고서\2020\분기회의(마케팅-4월).pptx.ublgmmk
INFO:root:[복구성공]c:\CRoud\마케팅\마케팅ㅣ월례회의 보고서\2020\상반기 키워드 노출수, 클릭수, 전환수.xlsx.ublgmmk
INFO:root:[복구성공]c:\CRoud\마케팅\마케팅ㅣ월례회의 보고서\2020\연간회의(마케팅-1월).pptx.ublgmmk
INFO:root:[복구성공]c:\CRoud\마케팅\마케팅ㅣ월례회의 보고서\2020\월례회의(마케팅-11월).pptx.ublgmmk
INFO:root:[복구성공]c:\CRoud\마케팅\마케팅ㅣ월례회의 보고서\2020\월례회의(마케팅-12월).pptx.ublgmmk
INFO:root:[복구성공]c:\CRoud\마케팅\마케팅ㅣ월례회의 보고서\2020\월례회의(마케팅-2월).pptx.ublgmmk
INFO:root:[복구성공]c:\CRoud\마케팅\마케팅ㅣ월례회의 보고서\2020\월례회의(마케팅-3월).pptx.ublgmmk
INFO:root:[복구성공]c:\CRoud\마케팅\마케팅ㅣ월례회의 보고서\2020\월례회의(마케팅-5월).pptx.ublgmmk
INFO:root:[복구성공]c:\CRoud\마케팅\마케팅ㅣ월례회의 보고서\2020\월례회의(마케팅-6월).pptx.ublgmmk
INFO:root:[복구성공]c:\CRoud\마케팅\마케팅ㅣ월례회의 보고서\2020\월례회의(마케팅-8월).pptx.ublgmmk
INFO:root:[복구성공]c:\CRoud\마케팅\마케팅ㅣ월례회의 보고서\2020\월례회의(마케팅-9월).pptx.ublgmmk
INFO:root:[복구성공]c:\CRoud\마케팅\마케팅ㅣ월례회의 보고서\2020\회의록(20.05.07).hwp.ublgmmk
INFO:root:[복구성공]c:\CRoud\마케팅\마케팅ㅣ월례회의 보고서\2020\키워드\네이버 키워드 검색광고.pptx.ublgmmk
INFO:root:[복구성공]c:\CRoud\마케팅\마케팅ㅣ월례회의 보고서\2020\키워드\청류에프앤에스 키워드.xlsx.ublgmmk
INFO:root:[복구성공]c:\CRoud\마케팅\마케팅ㅣ월례회의 보고서\2021\디스모거 동영상 광고 2월 3월.docx.ublgmmk
INFO:root:[복구성공]c:\CRoud\마케팅\마케팅ㅣ월례회의 보고서\2021\반기회의(마케팅-7월).pptx.ublgmmk
INFO:root:[복구성공]c:\CRoud\마케팅\마케팅ㅣ월례회의 보고서\2021\분기회의(마케팅-4월).pptx.ublgmmk
INFO:root:[복구성공]c:\CRoud\마케팅\마케팅ㅣ월례회의 보고서\2021\연간회의(마케팅-1월).pptx.ublgmmk
INFO:root:[복구성공]c:\CRoud\마케팅\마케팅ㅣ월례회의 보고서\2021\월례회의(마케팅-2월).pptx.ublgmmk
INFO:root:[복구성공]c:\CRoud\마케팅\마케팅ㅣ월례회의 보고서\2021\월례회의(마케팅-3월).pptx.ublgmmk
INFO:root:[복구성공]c:\CRoud\마케팅\마케팅ㅣ월례회의 보고서\2021\월례회의(마케팅-5월).pptx.ublgmmk
INFO:root:[복구성공]c:\CRoud\마케팅\마케팅ㅣ월례회의 보고서\2021\월례회의(마케팅-6월).pptx.ublgmmk
INFO:root:[복구성공]c:\CRoud\마케팅\마케팅ㅣ월례회의 보고서\월례회의 자료\2019 상반기 sns 직원별 평가.docx.ublgmmk
INFO:root:[복구성공]c:\CRoud\마케팅\마케팅ㅣ월례회의 보고서\월례회의 자료\2019 상반기 sns 직원별 평가.pptx.ublgmmk
INFO:root:[복구성공]c:\CRoud\마케팅\마케팅ㅣ월례회의 보고서\월례회의 자료\2019 상반기 sns 직원별 평가.xlsx.ublgmmk
INFO:root:[복구성공]c:\CRoud\마케팅\마케팅ㅣ월례회의 보고서\월례회의 자료\2019 하계 워크샵 기획안.docx.ublgmmk
INFO:root:[복구성공]c:\CRoud\마케팅\마케팅ㅣ월례회의 보고서\월례회의 자료\2019년 반기회의.xlsx.ublgmmk
INFO:root:[복구성공]c:\CRoud\마케팅\마케팅ㅣ월례회의 보고서\월례회의 자료\2월 월례회의록.docx.ublgmmk
INFO:root:[복구성공]c:\CRoud\마케팅\마케팅ㅣ월례회의 보고서\월례회의 자료\3월 월례회의.docx.ublgmmk
INFO:root:[복구성공]c:\CRoud\마케팅\마케팅ㅣ월례회의 보고서\월례회의 자료\4월 분기회의록.docx.ublgmmk
INFO:root:[복구성공]c:\CRoud\마케팅\마케팅ㅣ월례회의 보고서\월례회의 자료\5월 월례회의.docx.ublgmmk
INFO:root:[복구성공]c:\CRoud\마케팅\마케팅ㅣ월례회의 보고서\월례회의 자료\키워드보고서(1901~1906).xlsx.ublgmmk
INFO:root:[복구성공]c:\CRoud\마케팅\마케팅ㅣ월례회의 보고서\월례회의 자료\하반기 계획.pptx.ublgmmk
INFO:root:[복구성공]c:\CRoud\마케팅\부서ㅣdsmoger\케이필트로_그래픽_181101.pdf.ublgmmk
INFO:root:[복구성공]c:\CRoud\마케팅\부서ㅣdsmoger\Aquapure dsmoger 소개자료\Aquapure dsmoger 소개자료 느낌안.pptx.ublgmmk
INFO:root:[복구성공]c:\CRoud\마케팅\부서ㅣdsmoger\Aquapure dsmoger 소개자료\제연기_카달로그_최종본.pdf.ublgmmk
INFO:root:[복구성공]c:\CRoud\마케팅\부서ㅣdsmoger\Aquapure dsmoger 소개자료\제연기_카달로그_최종본.pptx.ublgmmk
INFO:root:[복구성공]c:\CRoud\마케팅\부서ㅣ산업체\공보ㅣ포항카 싸인 디자인\뒤쪽.ai.ublgmmk
INFO:root:[복구성공]c:\CRoud\마케팅\부서ㅣ산업체\공보ㅣ포항카 싸인 디자인\뒤쪽.pdf.ublgmmk
INFO:root:[복구성공]c:\CRoud\마케팅\부서ㅣ산업체\공보ㅣ포항카 싸인 디자인\오른편 최종.ai.ublgmmk
INFO:root:[복구성공]c:\CRoud\마케팅\부서ㅣ산업체\공보ㅣ포항카 싸인 디자인\오른편 최종.pdf.ublgmmk
INFO:root:[복구성공]c:\CRoud\마케팅\부서ㅣ산업체\공보ㅣ포항카 싸인 디자인\왼편 최종.ai.ublgmmk
INFO:root:[복구성공]c:\CRoud\마케팅\부서ㅣ산업체\공보ㅣ포항카 싸인 디자인\왼편 최종.pdf.ublgmmk
INFO:root:[복구성공]c:\CRoud\마케팅\부서ㅣ산업체\공보ㅣ포항카 싸인 디자인\청류 로고 AI.ai.ublgmmk
INFO:root:[복구성공]c:\CRoud\마케팅\부서ㅣ산업체\공보ㅣ포항카 싸인 디자인\청류카 1번.ai.ublgmmk
INFO:root:[복구성공]c:\CRoud\마케팅\부서ㅣ산업체\공보ㅣ포항카 싸인 디자인\포항_사무소_업무일지2019-4-5.xlsx.ublgmmk
INFO:root:[복구성공]c:\CRoud\마케팅\부서ㅣ산업체\공보ㅣ포항카 싸인 디자인\수정\오른편.ai.ublgmmk
INFO:root:[복구성공]c:\CRoud\마케팅\부서ㅣ산업체\공보ㅣ포항카 싸인 디자인\수정\왼편.ai.ublgmmk
INFO:root:[복구성공]c:\CRoud\마케팅\부서ㅣ산업체\공보ㅣ포항카 싸인 디자인\포항영업소 업무트럭 시트 디자인\디자인\뒤쪽.ai.ublgmmk
INFO:root:[복구성공]c:\CRoud\마케팅\부서ㅣ산업체\공보ㅣ포항카 싸인 디자인\포항영업소 업무트럭 시트 디자인\디자인\오른편 가스 배관 폐색 방지 외2개.ai.ublgmmk
INFO:root:[복구성공]c:\CRoud\마케팅\부서ㅣ산업체\공보ㅣ포항카 싸인 디자인\포항영업소 업무트럭 시트 디자인\디자인\오른편.ai.ublgmmk
INFO:root:[복구성공]c:\CRoud\마케팅\부서ㅣ산업체\공보ㅣ포항카 싸인 디자인\포항영업소 업무트럭 시트 디자인\디자인\왼편 CCDF 뺸거.ai.ublgmmk
INFO:root:[복구성공]c:\CRoud\마케팅\부서ㅣ산업체\공보ㅣ포항카 싸인 디자인\포항영업소 업무트럭 시트 디자인\디자인\왼편.ai.ublgmmk
INFO:root:[복구성공]c:\CRoud\마케팅\부서ㅣ산업체\공보ㅣ포항카 싸인 디자인\포항영업소 업무트럭 시트 디자인\디자인\청류카 1번.ai.ublgmmk
INFO:root:[복구성공]c:\CRoud\마케팅\부서ㅣ산업체\사이트ㅣ청류\컨텐츠 페이지\1.3회사소개-회사연혁.docx.ublgmmk
INFO:root:[복구성공]c:\CRoud\마케팅\부서ㅣ산업체\사이트ㅣ청류\컨텐츠 페이지\1.4회사소개-주요인증.docx.ublgmmk
INFO:root:[복구성공]c:\CRoud\마케팅\부서ㅣ산업체\사이트ㅣ청류\컨텐츠 페이지\1.5회사소개-주요고객.docx.ublgmmk
INFO:root:[복구성공]c:\CRoud\마케팅\부서ㅣ산업체\사이트ㅣ청류\컨텐츠 페이지\2.1.1산업체-필터하우징-필터.xlsx.ublgmmk
INFO:root:[복구성공]c:\CRoud\마케팅\부서ㅣ산업체\사이트ㅣ청류\컨텐츠 페이지\2.1.2산업체-필터하우징-하우징.xlsx.ublgmmk
INFO:root:[복구성공]c:\CRoud\마케팅\부서ㅣ산업체\사이트ㅣ청류\컨텐츠 페이지\2.2.1산업체-엔지니어링-CCDF SYSTEM.docx.ublgmmk
INFO:root:[복구성공]c:\CRoud\마케팅\부서ㅣ산업체\사이트ㅣ청류\컨텐츠 페이지\2.2.2산업체-엔지니어링-COG 정제시스템.xlsx.ublgmmk
INFO:root:[복구성공]c:\CRoud\마케팅\부서ㅣ산업체\사이트ㅣ청류\컨텐츠 페이지\2.2.4산업체-엔지니어링-여과성평가장비.docx.ublgmmk
INFO:root:[복구성공]c:\CRoud\마케팅\부서ㅣ산업체\사이트ㅣ청류\컨텐츠 페이지\2.3.1.1산업체-환경에너지정제-매립지가스-바이오 가스 처리 솔루션(매립지).docx.ublgmmk
INFO:root:[복구성공]c:\CRoud\마케팅\부서ㅣ산업체\사이트ㅣ청류\컨텐츠 페이지\2.3.1.2산업체-환경에너지정제-매립지가스-바이오 가스(CCDF란).docx.ublgmmk
INFO:root:[복구성공]c:\CRoud\마케팅\부서ㅣ산업체\사이트ㅣ청류\컨텐츠 페이지\2.3.1.3산업체-환경에너지정제-매립지가스-바이오 가스처리 계통도 및 추천공정.docx.ublgmmk
INFO:root:[복구성공]c:\CRoud\마케팅\부서ㅣ산업체\사이트ㅣ청류\컨텐츠 페이지\2.3.2.1산업체-환경에너지정제-소화가스-바이오 가스(소화가스).docx.ublgmmk
INFO:root:[복구성공]c:\CRoud\마케팅\부서ㅣ산업체\사이트ㅣ청류\컨텐츠 페이지\2.3.2.2산업체-환경에너지정제-소화가스-바이오 가스(CCDF란).docx.ublgmmk
INFO:root:[복구성공]c:\CRoud\마케팅\부서ㅣ산업체\사이트ㅣ청류\컨텐츠 페이지\2.3.2.3산업체-환경에너지정제-소화기스-바이오 가스처리 계통도 및 추천공정.docx.ublgmmk
INFO:root:[복구성공]c:\CRoud\마케팅\부서ㅣ산업체\사이트ㅣ청류\컨텐츠 페이지\2.3.3.1산업체-환경에너지정제-열분해가스-열분해 정제설비(생활폐기물).docx.ublgmmk
INFO:root:[복구성공]c:\CRoud\마케팅\부서ㅣ산업체\사이트ㅣ청류\컨텐츠 페이지\2.3.3.2산업체-환경에너지정제-열분해가스-열분해 가스(CCDF란).docx.ublgmmk
INFO:root:[복구성공]c:\CRoud\마케팅\부서ㅣ산업체\사이트ㅣ청류\컨텐츠 페이지\2.3.3.3산업체-환경에너지정제-열분해가스-열분해 가스처리 계통도 및 추천공정.docx.ublgmmk
INFO:root:[복구성공]c:\CRoud\마케팅\부서ㅣ산업체\사이트ㅣ청류\컨텐츠 페이지\3.1.1워터그룹-워터&테크-aboutwater.hwp.ublgmmk
INFO:root:[복구성공]c:\CRoud\마케팅\부서ㅣ산업체\사이트ㅣ청류\컨텐츠 페이지\3.1.2.1워터그룹-워터&테크-Technical-3M.hwp.ublgmmk
INFO:root:[복구성공]c:\CRoud\마케팅\부서ㅣ산업체\사이트ㅣ청류\컨텐츠 페이지\3.1.2.2워터그룹-워터&테크-Technical-claroswiss.hwp.ublgmmk
INFO:root:[복구성공]c:\CRoud\마케팅\부서ㅣ산업체\사이트ㅣ청류\컨텐츠 페이지\3.1.2.3워터그룹-워터&테크-Technical-chungryu.hwp.ublgmmk
INFO:root:[복구성공]c:\CRoud\마케팅\부서ㅣ산업체\사이트ㅣ청류\컨텐츠 페이지\3.2.1.1워터그룹-적용분야-카페용-커피머신.hwp.ublgmmk
INFO:root:[복구성공]c:\CRoud\마케팅\부서ㅣ산업체\사이트ㅣ청류\컨텐츠 페이지\3.2.1.2워터그룹-적용분야-카페용-온수기.hwp.ublgmmk
INFO:root:[복구성공]c:\CRoud\마케팅\부서ㅣ산업체\사이트ㅣ청류\컨텐츠 페이지\3.2.1.3워터그룹-적용분야-카페용-제빙기.hwp.ublgmmk
INFO:root:[복구성공]c:\CRoud\마케팅\부서ㅣ산업체\사이트ㅣ청류\컨텐츠 페이지\3.2.1.4워터그룹-적용분야-카페용-음용.음료.hwp.ublgmmk
INFO:root:[복구성공]c:\CRoud\마케팅\부서ㅣ산업체\사이트ㅣ청류\컨텐츠 페이지\3.2.1.5워터그룹-적용분야-카페용-SYSTEM.hwp.ublgmmk
INFO:root:[복구성공]c:\CRoud\마케팅\부서ㅣ산업체\사이트ㅣ청류\컨텐츠 페이지\3.2.2.1워터그룹-적용분야-주방설비용-오븐.hwp.ublgmmk
INFO:root:[복구성공]c:\CRoud\마케팅\부서ㅣ산업체\사이트ㅣ청류\컨텐츠 페이지\3.2.2.2워터그룹-적용분야-주방설비용-식기세척기.hwp.ublgmmk
INFO:root:[복구성공]c:\CRoud\마케팅\부서ㅣ산업체\사이트ㅣ청류\컨텐츠 페이지\3.2.2.3워터그룹-적용분야-주방설비용-조리수.hwp.ublgmmk
INFO:root:[복구성공]c:\CRoud\마케팅\부서ㅣ산업체\사이트ㅣ청류\컨텐츠 페이지\3.2.2.4워터그룹-적용분야-주방설비용-SYSTEM.hwp.ublgmmk
INFO:root:[복구성공]c:\CRoud\마케팅\부서ㅣ산업체\사이트ㅣ청류\컨텐츠 페이지\3.2.3.1워터그룹-적용분야-가정용-언더싱크용.hwp.ublgmmk
INFO:root:[복구성공]c:\CRoud\마케팅\부서ㅣ산업체\사이트ㅣ청류\컨텐츠 페이지\3.2.3.2워터그룹-적용분야-가정용-인입수용.hwp.ublgmmk
INFO:root:[복구성공]c:\CRoud\마케팅\부서ㅣ산업체\사이트ㅣ청류\컨텐츠 페이지\2.2.3산업체-엔지니어링-고객맞춤 여과시스템\Disc Filter Test Kit_160215.docx.ublgmmk
INFO:root:[복구성공]c:\CRoud\마케팅\부서ㅣ산업체\사이트ㅣ청류\컨텐츠 페이지\2.2.3산업체-엔지니어링-고객맞춤 여과시스템\고순도 수소가스 여과필터 하우징_160215.docx.ublgmmk
INFO:root:[복구성공]c:\CRoud\마케팅\부서ㅣ산업체\사이트ㅣ청류\컨텐츠 페이지\2.2.3산업체-엔지니어링-고객맞춤 여과시스템\도금액 여과 필터시스템_160215.docx.ublgmmk
INFO:root:[복구성공]c:\CRoud\마케팅\부서ㅣ산업체\사이트ㅣ청류\컨텐츠 페이지\2.2.3산업체-엔지니어링-고객맞춤 여과시스템\열분해가스용 정제설비_160215.docx.ublgmmk
INFO:root:[복구성공]c:\CRoud\마케팅\부서ㅣ산업체\사이트ㅣ청류\컨텐츠 페이지\2.2.3산업체-엔지니어링-고객맞춤 여과시스템\직병렬 혼합여과시스템_160215.docx.ublgmmk
INFO:root:[복구성공]c:\CRoud\마케팅\부서ㅣ산업체\홍보ㅣ2019 IR 인도투자\Gas Purification system 1906.pptx.ublgmmk
INFO:root:[복구성공]c:\CRoud\마케팅\부서ㅣ산업체\홍보ㅣ2019 IR 인도투자\[해외IR]요약_발표자료-청류에프앤에스-190816수정요청-V03.pptx.ublgmmk
INFO:root:[복구성공]c:\CRoud\마케팅\부서ㅣ산업체\홍보ㅣ2019 IR 인도투자\[해외IR]요약_발표자료-청류에프앤에스-190816수정요청-V04.pptx.ublgmmk
INFO:root:[복구성공]c:\CRoud\마케팅\부서ㅣ산업체\홍보ㅣ2019 IR 인도투자\[해외IR]요약_발표자료-청류에프앤에스-190822.pptx.ublgmmk
INFO:root:[복구성공]c:\CRoud\마케팅\부서ㅣ산업체\홍보ㅣ2019 IR 인도투자\[해외IR]요약_발표자료-청류에프앤에스-190823.pptx.ublgmmk
INFO:root:[복구성공]c:\CRoud\마케팅\부서ㅣ산업체\홍보ㅣ2019 경기환경산업전\경기환경산업전 인터뷰 자료\3.청류에프앤에스_회사소개서_1905.pdf.ublgmmk
INFO:root:[복구성공]c:\CRoud\마케팅\부서ㅣ산업체\홍보ㅣ2019 경기환경산업전\경기환경산업전 인터뷰 자료\인터뷰 준비.docx.ublgmmk
INFO:root:[복구성공]c:\CRoud\마케팅\부서ㅣ산업체\홍보ㅣ2019 경기환경산업전\경기환경산업전 인터뷰 자료\제작참여동의서.hwp.ublgmmk
INFO:root:[복구성공]c:\CRoud\마케팅\부서ㅣ산업체\홍보ㅣ2019 경기환경산업전\경기환경산업전 인터뷰 자료\청류 로고 AI.ai.ublgmmk
INFO:root:[복구성공]c:\CRoud\마케팅\부서ㅣ산업체\홍보ㅣ2019 경기환경산업전\경기환경산업전 인터뷰 자료\청류에프앤에스 기사.docx.ublgmmk
INFO:root:[복구성공]c:\CRoud\마케팅\부서ㅣ산업체\홍보ㅣ2019 경기환경산업전\경기환경산업전 인터뷰 자료\청류에프앤에스 회사소개서.pdf.ublgmmk
INFO:root:[복구성공]c:\CRoud\마케팅\부서ㅣ산업체\홍보ㅣ2019 경기환경산업전\경기환경산업전 인터뷰 자료\초상권(출연)동의서.hwp.ublgmmk
INFO:root:[복구성공]c:\CRoud\마케팅\부서ㅣ산업체\홍보ㅣ2019 경기환경산업전\경기환경산업전 인터뷰 자료\큐시트-3.청류.rtf.ublgmmk
INFO:root:[복구성공]c:\CRoud\마케팅\부서ㅣ산업체\홍보ㅣ2019 경기환경산업전\경기환경산업전 인터뷰 자료\회사 소개.docx.ublgmmk
INFO:root:[복구성공]c:\CRoud\마케팅\부서ㅣ산업체\홍보ㅣ2019 경기환경산업전\경기환경산업전 인터뷰 자료\190827 청류에프앤에스 인터뷰 자료\190827 청류에프앤에스 인터뷰.docx.ublgmmk
INFO:root:[복구성공]c:\CRoud\마케팅\부서ㅣ산업체\홍보ㅣ2019 경기환경산업전\경기환경산업전 인터뷰 자료\190827 청류에프앤에스 인터뷰 자료\에너지 효율 그래프.pptx.ublgmmk
INFO:root:[복구성공]c:\CRoud\마케팅\부서ㅣ산업체\홍보ㅣ2019 경기환경산업전\경기환경산업전 인터뷰 자료\190827 청류에프앤에스 인터뷰 자료\회사소개서_청류에프앤에스.ppt.ublgmmk
INFO:root:[복구성공]c:\CRoud\마케팅\부서ㅣ산업체\홍보ㅣ2019 경기환경산업전\경기환경산업전 인터뷰 자료\190827 청류에프앤에스 인터뷰 자료\장영실상\2017 제40주차 IR52 장영실상.docx.ublgmmk
INFO:root:[복구성공]c:\CRoud\마케팅\부서ㅣ산업체\홍보ㅣ2019 경기환경산업전\전시디렉토리\@경기환경산업전_디렉토리_원고_양식_참가업체.xlsx.ublgmmk
INFO:root:[복구성공]c:\CRoud\마케팅\부서ㅣ산업체\홍보ㅣ2019 경기환경산업전\전시디렉토리\@경기환경산업전_디렉토리_원고_양식_참가업체_V02.xlsx.ublgmmk
INFO:root:[복구성공]c:\CRoud\마케팅\부서ㅣ산업체\홍보ㅣ2019 경기환경산업전\전시디렉토리\@경기환경산업전_디렉토리_원고_양식_참가업체_V03.xlsx.ublgmmk
INFO:root:[복구성공]c:\CRoud\마케팅\부서ㅣ산업체\홍보ㅣ2019 경기환경산업전\판넬\경기환경산업전 판넬.ai.ublgmmk
INFO:root:[복구성공]c:\CRoud\마케팅\부서ㅣ산업체\홍보ㅣ2019 경기환경산업전\판넬\경기환경산업전 판넬.pdf.ublgmmk
INFO:root:[복구성공]c:\CRoud\마케팅\부서ㅣ산업체\홍보ㅣ2019 경기환경산업전\판넬\경기환경산업전 판넬2.ai.ublgmmk
INFO:root:[복구성공]c:\CRoud\마케팅\부서ㅣ산업체\홍보ㅣ2019 경기환경산업전\판넬\경기환경산업전 판넬2.pdf.ublgmmk
INFO:root:[복구성공]c:\CRoud\마케팅\부서ㅣ산업체\홍보ㅣ2019 경기환경산업전\판넬\경기환경산업전 판넬3.ai.ublgmmk
INFO:root:[복구성공]c:\CRoud\마케팅\부서ㅣ산업체\홍보ㅣ2019 경기환경산업전\판넬\경기환경산업전 판넬3.pdf.ublgmmk
INFO:root:[복구성공]c:\CRoud\마케팅\부서ㅣ산업체\홍보ㅣ2019 경기환경산업전\판넬\경기환경산업전 판넬4.ai.ublgmmk
INFO:root:[복구성공]c:\CRoud\마케팅\부서ㅣ산업체\홍보ㅣ2019 경기환경산업전\판넬\경기환경산업전 판넬4.pdf.ublgmmk
INFO:root:[복구성공]c:\CRoud\마케팅\부서ㅣ산업체\홍보ㅣ2019 경기환경산업전\판넬\경기환경산업전 판넬5.ai.ublgmmk
INFO:root:[복구성공]c:\CRoud\마케팅\부서ㅣ산업체\홍보ㅣ2019 경기환경산업전\판넬\경기환경산업전 판넬5.pdf.ublgmmk
INFO:root:[복구성공]c:\CRoud\마케팅\부서ㅣ산업체\홍보ㅣ2019 경기환경산업전\판넬\경기환경산업전 판넬6.ai.ublgmmk
INFO:root:[복구성공]c:\CRoud\마케팅\부서ㅣ산업체\홍보ㅣ2019 경기환경산업전\판넬\경기환경산업전 판넬6.pdf.ublgmmk
INFO:root:[복구성공]c:\CRoud\마케팅\부서ㅣ산업체\홍보ㅣ2019 중진공 온라인 컨텐츠 제작\(주)청류에프앤에스 개인정보 수집,이용, 제공 동의서.pdf.ublgmmk
INFO:root:[복구성공]c:\CRoud\마케팅\부서ㅣ산업체\홍보ㅣ2019 중진공 온라인 컨텐츠 제작\(주)청류에프앤에스 신청서.hwp.ublgmmk
INFO:root:[복구성공]c:\CRoud\마케팅\부서ㅣ산업체\홍보ㅣ2019 중진공 온라인 컨텐츠 제작\(주)청류에프앤에스 컨텐츠 제작계획서.pdf.ublgmmk
INFO:root:[복구성공]c:\CRoud\마케팅\부서ㅣ산업체\홍보ㅣ2019 중진공 온라인 컨텐츠 제작\(중진공)온라인전시회사업컨텐츠제작_업무협약서(산업재).hwp.ublgmmk
INFO:root:[복구성공]c:\CRoud\마케팅\부서ㅣ산업체\홍보ㅣ2019 중진공 온라인 컨텐츠 제작\2019년_중진공_온라인전시회_사업_선정_통보.pdf.ublgmmk
INFO:root:[복구성공]c:\CRoud\마케팅\부서ㅣ산업체\홍보ㅣ2019 중진공 온라인 컨텐츠 제작\청류에프앤에스 (중진공)온라인전시회사업컨텐츠제작_업무협약서(산업재)_날인포함.PDF.ublgmmk
INFO:root:[복구성공]c:\CRoud\마케팅\부서ㅣ산업체\홍보ㅣ2019 중진공 온라인 컨텐츠 제작\191211 제작업체 빛그림 미팅 제공자료\H제절 기술박람회 전시 판넬.pdf.ublgmmk
INFO:root:[복구성공]c:\CRoud\마케팅\부서ㅣ산업체\홍보ㅣ2019 중진공 온라인 컨텐츠 제작\191211 제작업체 빛그림 미팅 제공자료\P사 COG 정제 경제성 비교 (2019. 08).pdf.ublgmmk
INFO:root:[복구성공]c:\CRoud\마케팅\부서ㅣ산업체\홍보ㅣ2019 중진공 온라인 컨텐츠 제작\191211 제작업체 빛그림 미팅 제공자료\아이콘화 참고자료 191213.pptx.ublgmmk
INFO:root:[복구성공]c:\CRoud\마케팅\부서ㅣ산업체\홍보ㅣ2019 중진공 온라인 컨텐츠 제작\191211 제작업체 빛그림 미팅 제공자료\청류에프앤에스 BCDF (바이오가스용 제습제진설비) 소개도서 (2019.01).pdf.ublgmmk
INFO:root:[복구성공]c:\CRoud\마케팅\부서ㅣ산업체\홍보ㅣ2019 중진공 온라인 컨텐츠 제작\191211 제작업체 빛그림 미팅 제공자료\청류에프앤에스 인도투자유치설명회 발표자료 190920.pdf.ublgmmk
INFO:root:[복구성공]c:\CRoud\마케팅\부서ㅣ산업체\홍보ㅣ2019 중진공 온라인 컨텐츠 제작\200506 4차 수정\20200506 수정사항.docx.ublgmmk
INFO:root:[복구성공]c:\CRoud\마케팅\부서ㅣ산업체\홍보ㅣ2019 중진공 온라인 컨텐츠 제작\Spawn\(주)청류에프앤에스 신청서.hwp.ublgmmk
INFO:root:[복구성공]c:\CRoud\마케팅\부서ㅣ산업체\홍보ㅣ2019 중진공 온라인 컨텐츠 제작\Spawn\file_e10_0.hwp.ublgmmk
INFO:root:[복구성공]c:\CRoud\마케팅\부서ㅣ산업체\홍보ㅣ2019 중진공 온라인 컨텐츠 제작\청류에프앤에스_파일첨부폴더\1. 자료접수양식지\온라인전시회_영상제작_자료접수양식_샘플양식.pdf.ublgmmk
INFO:root:[복구성공]c:\CRoud\마케팅\부서ㅣ산업체\홍보ㅣ2019 중진공 온라인 컨텐츠 제작\청류에프앤에스_파일첨부폴더\1. 자료접수양식지\온라인전시회_영상제작_자료접수양식_청류에프앤에스.pptx.ublgmmk
INFO:root:[복구성공]c:\CRoud\마케팅\부서ㅣ산업체\홍보ㅣ2019 중진공 온라인 컨텐츠 제작\청류에프앤에스_파일첨부폴더\2. 로고파일\청류에프앤에스 로고.ai.ublgmmk
INFO:root:[복구성공]c:\CRoud\마케팅\부서ㅣ산업체\홍보ㅣ2019 중진공 온라인 컨텐츠 제작\청류에프앤에스_파일첨부폴더\2. 로고파일\청류에프앤에스 로고.psd.ublgmmk
INFO:root:[복구성공]c:\CRoud\마케팅\부서ㅣ산업체\홍보ㅣ2019 중진공 온라인 컨텐츠 제작\청류에프앤에스_파일첨부폴더\5. 회사 및 제품카탈로그\청류에프앤에스_회사소개서.pdf.ublgmmk
INFO:root:[복구성공]c:\CRoud\마케팅\부서ㅣ산업체\홍보ㅣ2019 폐에협 춘계\[공문]2019-추계-광고후원및참여안내.pdf.ublgmmk
INFO:root:[복구성공]c:\CRoud\마케팅\부서ㅣ산업체\홍보ㅣ2019 폐에협 춘계\광고 시안 Final.pptx.ublgmmk
INFO:root:[복구성공]c:\CRoud\마케팅\부서ㅣ산업체\홍보ㅣ2019 폐에협 춘계\청류에프앤에스 광고 시안 pdf..pdf.ublgmmk
INFO:root:[복구성공]c:\CRoud\마케팅\부서ㅣ산업체\홍보ㅣ2019 폐에협 춘계\청류에프앤에스 광고 시안.ai.ublgmmk
INFO:root:[복구성공]c:\CRoud\마케팅\부서ㅣ산업체\홍보ㅣ2019 현대제철 기술박람회\물통배너191016.pdf.ublgmmk
INFO:root:[복구성공]c:\CRoud\마케팅\부서ㅣ산업체\홍보ㅣ2019 현대제철 기술박람회\판넬이미지191016.pdf.ublgmmk
INFO:root:[복구성공]c:\CRoud\마케팅\부서ㅣ산업체\홍보ㅣ2019 환경에너지대상\3.청류에프앤에스_회사소개서_1905.pdf.ublgmmk
INFO:root:[복구성공]c:\CRoud\마케팅\부서ㅣ산업체\홍보ㅣ2019 환경에너지대상\green_com.hwp.ublgmmk
INFO:root:[복구성공]c:\CRoud\마케팅\부서ㅣ산업체\홍보ㅣ2020 해외기술교류단 파견\200131 신청서 작성\1. 2020년도 상반기 해외기술교류단 파견 참가기업 모집 안내문.pdf.ublgmmk
INFO:root:[복구성공]c:\CRoud\마케팅\부서ㅣ산업체\홍보ㅣ2020 해외기술교류단 파견\200131 신청서 작성\2. (서식) 참가신청서.hwp.ublgmmk
INFO:root:[복구성공]c:\CRoud\마케팅\부서ㅣ산업체\홍보ㅣ2020 해외기술교류단 파견\200131 신청서 작성\Gas Purification system 1912.pptx.ublgmmk
INFO:root:[복구성공]c:\CRoud\마케팅\부서ㅣ산업체\홍보ㅣ2020 해외기술교류단 파견\200131 신청서 작성\중진공 G-TEP 회원가입 기업정보동의서.hwp.ublgmmk
INFO:root:[복구성공]c:\CRoud\마케팅\부서ㅣ산업체\홍보ㅣ2020 해외기술교류단 파견\200131 신청서 작성\청류에프앤에스 영문 소개자료.pdf.ublgmmk
INFO:root:[복구성공]c:\CRoud\마케팅\부서ㅣ산업체\홍보ㅣ2020 해외기술교류단 파견\200131 신청서 작성\청류에프앤에스 참가신청서.PDF.ublgmmk
INFO:root:[복구성공]c:\CRoud\마케팅\부서ㅣ산업체\홍보글ㅣ20191127 2019 환경에너지대상\'2019 대한민국 환경·에너지대상'에서 금상인 '환경공단 이사장상' 수상.docx.ublgmmk
INFO:root:[복구성공]c:\CRoud\마케팅\부서ㅣ산업체\홍보글ㅣ20200115 PCW 하우징\N社 P.C.W(Process Cooling Water, 공정 냉각수) 공정용 필터 하우징 납품.docx.ublgmmk
INFO:root:[복구성공]c:\CRoud\마케팅\부서ㅣ산업체\홍보글ㅣ20200115 PCW 하우징\제목.docx.ublgmmk
INFO:root:[복구성공]c:\CRoud\마케팅\부서ㅣ워터그룹\200225 TFS 아크릴박스\200225 아크릴시안.pdf.ublgmmk
INFO:root:[복구성공]c:\CRoud\마케팅\부서ㅣ워터그룹\200225 TFS 아크릴박스\200227 아크릴시안.pdf.ublgmmk
INFO:root:[복구성공]c:\CRoud\마케팅\부서ㅣ워터그룹\200225 TFS 아크릴박스\200302 견적서 아크릴전시장 9만원.pdf.ublgmmk
INFO:root:[복구성공]c:\CRoud\마케팅\부서ㅣ워터그룹\200225 TFS 아크릴박스\201029 시온전기조명.docx.ublgmmk
INFO:root:[복구성공]c:\CRoud\마케팅\부서ㅣ워터그룹\200225 TFS 아크릴박스\20200716 TFS 전시장 작업일지.docx.ublgmmk
INFO:root:[복구성공]c:\CRoud\마케팅\부서ㅣ워터그룹\200225 TFS 아크릴박스\TFS 아크릴 박스 [2020.03.05].dwg.ublgmmk
INFO:root:[복구성공]c:\CRoud\마케팅\부서ㅣ워터그룹\200225 TFS 아크릴박스\TFS 아크릴 박스.dwg.ublgmmk
INFO:root:[복구성공]c:\CRoud\마케팅\부서ㅣ워터그룹\200225 TFS 아크릴박스\TFS 아크릴 박스.pdf.ublgmmk
INFO:root:[복구성공]c:\CRoud\마케팅\부서ㅣ워터그룹\200225 TFS 아크릴박스\TFS 아크릴박스 시안.pptx.ublgmmk
INFO:root:[복구성공]c:\CRoud\마케팅\부서ㅣ워터그룹\200225 TFS 아크릴박스\TFS 전시장 설치사례ㅣ2020 수원카페앤베이커리페어.docx.ublgmmk
INFO:root:[복구성공]c:\CRoud\마케팅\부서ㅣ워터그룹\200225 TFS 아크릴박스\첨부_견적서_2266_No1714.pdf.ublgmmk
INFO:root:[복구성공]c:\CRoud\마케팅\부서ㅣ워터그룹\SPC 컴플레인\SPC Complain list(PB&BR)_2019.08.23.xlsx.ublgmmk
INFO:root:[복구성공]c:\CRoud\마케팅\부서ㅣ워터그룹\사이트ㅣ케이필트로\컨텐츠 페이지\2.ClaroSwiss 기술력.hwp.ublgmmk
INFO:root:[복구성공]c:\CRoud\마케팅\부서ㅣ워터그룹\사이트ㅣ케이필트로\컨텐츠 페이지\4.1적용분야-커피.hwp.ublgmmk
INFO:root:[복구성공]c:\CRoud\마케팅\부서ㅣ워터그룹\사이트ㅣ케이필트로\컨텐츠 페이지\4.2적용분야-스팀오븐.hwp.ublgmmk
INFO:root:[복구성공]c:\CRoud\마케팅\부서ㅣ워터그룹\사이트ㅣ케이필트로\컨텐츠 페이지\4.3적용분야-제빙기.hwp.ublgmmk
INFO:root:[복구성공]c:\CRoud\마케팅\부서ㅣ워터그룹\사이트ㅣ케이필트로\컨텐츠 페이지\4.4적용분야-식기세척기.hwp.ublgmmk
INFO:root:[복구성공]c:\CRoud\마케팅\부서ㅣ워터그룹\사이트ㅣ케이필트로\컨텐츠 페이지 추가자료\스팀오븐 컨텐츠.ppt.ublgmmk
INFO:root:[복구성공]c:\CRoud\마케팅\부서ㅣ워터그룹\사이트ㅣ케이필트로\컨텐츠 페이지 추가자료\스팀오븐 페이지.psd.ublgmmk
INFO:root:[복구성공]c:\CRoud\마케팅\부서ㅣ워터그룹\사이트ㅣ케이필트로\컨텐츠 페이지 추가자료\식기세척기 컨텐츠.ppt.ublgmmk
INFO:root:[복구성공]c:\CRoud\마케팅\부서ㅣ워터그룹\사이트ㅣ케이필트로\컨텐츠 페이지 추가자료\제빙기 컨텐츠.ppt.ublgmmk
INFO:root:[복구성공]c:\CRoud\마케팅\부서ㅣ워터그룹\사이트ㅣ케이필트로\컨텐츠 페이지 추가자료\제빙기 페이지.psd.ublgmmk
INFO:root:[복구성공]c:\CRoud\마케팅\부서ㅣ워터그룹\사이트ㅣ케이필트로\컨텐츠 페이지 추가자료\커피 컨텐츠.ppt.ublgmmk
INFO:root:[복구성공]c:\CRoud\마케팅\부서ㅣ워터그룹\사이트ㅣ케이필트로\컨텐츠 페이지 추가자료\커피 페이지.psd.ublgmmk
INFO:root:[복구성공]c:\CRoud\마케팅\부서ㅣ워터그룹\사이트ㅣ케이필트로\컨텐츠 페이지 추가자료\홈페이지 컨텐츠.xlsx.ublgmmk
INFO:root:[복구성공]c:\CRoud\마케팅\부서ㅣ워터그룹\사이트ㅣ케이필트로\홈페이지\케이필트로 메인화면-4000.psd.ublgmmk
INFO:root:[복구성공]c:\CRoud\마케팅\부서ㅣ워터그룹\사이트ㅣ케이필트로\홈페이지\케이필트로 메인화면.psd.ublgmmk
INFO:root:[복구실패]c:\CRoud\마케팅\부서ㅣ워터그룹\사이트ㅣ케이필트로\홈페이지\케이필트로홈페이지 이미지사진\적용분야(스팀오븐)\stefan-c-asafti-x5jilo3ck3o-unsplash.psd.ublgmmk
INFO:root:[복구실패]c:\CRoud\마케팅\부서ㅣ워터그룹\사이트ㅣ케이필트로\홈페이지\케이필트로홈페이지 이미지사진\적용분야(식기세척기)\nathan-dumlao-mAWTLZIjI8k-unsplash.psd.ublgmmk
INFO:root:[복구실패]c:\CRoud\마케팅\부서ㅣ워터그룹\사이트ㅣ케이필트로\홈페이지\케이필트로홈페이지 이미지사진\적용분야(온수기)\적용분야(온수기).psd.ublgmmk
INFO:root:[복구실패]c:\CRoud\마케팅\부서ㅣ워터그룹\사이트ㅣ케이필트로\홈페이지\케이필트로홈페이지 이미지사진\적용분야(제빙기)\적용분야(제빙기)-문제점-1.psd.ublgmmk
INFO:root:[복구실패]c:\CRoud\마케팅\디자인ㅣ자여니\무조건 실패하는 케이스.pdf.ublgmmk
INFO:root:[복구성공]c:\CRoud\마케팅\부서ㅣ워터그룹\사이트ㅣ케이필트로\홈페이지\케이필트로홈페이지 이미지사진\적용분야(스팀오븐)\stefan-c-asafti-x5jilo3ck3o-unsplash.psd.ublgmmk
INFO:root:[복구성공]c:\CRoud\마케팅\부서ㅣ워터그룹\사이트ㅣ케이필트로\홈페이지\케이필트로홈페이지 이미지사진\적용분야(스팀오븐)\적용분야(스팀오븐)-문제점1.psd.ublgmmk
INFO:root:[복구성공]c:\CRoud\마케팅\부서ㅣ워터그룹\사이트ㅣ케이필트로\홈페이지\케이필트로홈페이지 이미지사진\적용분야(스팀오븐)\적용분야(스팀오븐)-문제점2.psd.ublgmmk
INFO:root:[복구성공]c:\CRoud\마케팅\부서ㅣ워터그룹\사이트ㅣ케이필트로\홈페이지\케이필트로홈페이지 이미지사진\적용분야(스팀오븐)\적용분야(스팀오븐)-문제점3.psd.ublgmmk
INFO:root:[복구성공]c:\CRoud\마케팅\부서ㅣ워터그룹\사이트ㅣ케이필트로\홈페이지\케이필트로홈페이지 이미지사진\적용분야(스팀오븐)\적용분야(스팀오븐)-해결방법.psd.ublgmmk
INFO:root:[복구성공]c:\CRoud\마케팅\부서ㅣ워터그룹\사이트ㅣ케이필트로\홈페이지\케이필트로홈페이지 이미지사진\적용분야(식기세척기)\nathan-dumlao-mAWTLZIjI8k-unsplash.psd.ublgmmk
INFO:root:[복구성공]c:\CRoud\마케팅\부서ㅣ워터그룹\사이트ㅣ케이필트로\홈페이지\케이필트로홈페이지 이미지사진\적용분야(식기세척기)\적용분야(식기세척기)-문제점1.psd.ublgmmk
INFO:root:[복구성공]c:\CRoud\마케팅\부서ㅣ워터그룹\사이트ㅣ케이필트로\홈페이지\케이필트로홈페이지 이미지사진\적용분야(식기세척기)\적용분야(식기세척기)-문제점2.psd.ublgmmk
INFO:root:[복구성공]c:\CRoud\마케팅\부서ㅣ워터그룹\사이트ㅣ케이필트로\홈페이지\케이필트로홈페이지 이미지사진\적용분야(식기세척기)\적용분야(식기세척기)-문제점3.psd.ublgmmk
INFO:root:[복구성공]c:\CRoud\마케팅\부서ㅣ워터그룹\사이트ㅣ케이필트로\홈페이지\케이필트로홈페이지 이미지사진\적용분야(식기세척기)\적용분야(식기세척기)-해결방법.psd.ublgmmk
INFO:root:[복구성공]c:\CRoud\마케팅\부서ㅣ워터그룹\사이트ㅣ케이필트로\홈페이지\케이필트로홈페이지 이미지사진\적용분야(온수기)\적용분야(온수기).psd.ublgmmk
INFO:root:[복구성공]c:\CRoud\마케팅\부서ㅣ워터그룹\사이트ㅣ케이필트로\홈페이지\케이필트로홈페이지 이미지사진\적용분야(제빙기)\적용분야(제빙기)-문제점-1.psd.ublgmmk
INFO:root:[복구성공]c:\CRoud\마케팅\부서ㅣ워터그룹\사이트ㅣ케이필트로\홈페이지\케이필트로홈페이지 이미지사진\적용분야(제빙기)\적용분야(제빙기)-문제점-2.psd.ublgmmk
INFO:root:[복구성공]c:\CRoud\마케팅\부서ㅣ워터그룹\사이트ㅣ케이필트로\홈페이지\케이필트로홈페이지 이미지사진\적용분야(제빙기)\적용분야(제빙기)-문제점-3.psd.ublgmmk
INFO:root:[복구성공]c:\CRoud\마케팅\부서ㅣ워터그룹\사이트ㅣ케이필트로\홈페이지\케이필트로홈페이지 이미지사진\적용분야(제빙기)\적용분야(제빙기).psd.ublgmmk
INFO:root:[복구성공]c:\CRoud\마케팅\부서ㅣ워터그룹\사이트ㅣ케이필트로\홈페이지\케이필트로홈페이지 이미지사진\적용분야(커피머신) 1024X600\적용분야(커피머신)-문제점-1.psd.ublgmmk
INFO:root:[복구성공]c:\CRoud\마케팅\부서ㅣ워터그룹\사이트ㅣ케이필트로\홈페이지\케이필트로홈페이지 이미지사진\적용분야(커피머신) 1024X600\적용분야(커피머신)-문제점-2.psd.ublgmmk
INFO:root:[복구성공]c:\CRoud\마케팅\부서ㅣ워터그룹\사이트ㅣ케이필트로\홈페이지\케이필트로홈페이지 이미지사진\적용분야(커피머신) 1024X600\적용분야(커피머신)-케이필트로.psd.ublgmmk
INFO:root:[복구성공]c:\CRoud\마케팅\부서ㅣ워터그룹\사이트ㅣ케이필트로\홈페이지\케이필트로홈페이지 이미지사진\적용분야(커피머신) 1024X600\적용분야(커피머신)-클라로스위스.psd.ublgmmk
INFO:root:[복구성공]c:\CRoud\마케팅\부서ㅣ워터그룹\사이트ㅣ케이필트로\홈페이지\케이필트로홈페이지 이미지사진\적용분야(커피머신) 1024X600\적용분야(커피머신)-해결방법.psd.ublgmmk
INFO:root:[복구성공]c:\CRoud\마케팅\부서ㅣ워터그룹\사이트ㅣ케이필트로\홈페이지\케이필트로홈페이지 이미지사진\적용분야(커피머신) 1024X600\적용분야(커피머신).psd.ublgmmk
INFO:root:[복구성공]c:\CRoud\마케팅\부서ㅣ워터그룹\사이트ㅣ케이필트로\홈페이지\케이필트로홈페이지 이미지사진\클라로스위스부분\ㅇㅇ.psd.ublgmmk
INFO:root:[복구성공]c:\CRoud\마케팅\부서ㅣ워터그룹\사이트ㅣ케이필트로\홈페이지\케이필트로홈페이지 이미지사진\클라로스위스부분\클라로스위스 소개부분 제목.psd.ublgmmk
INFO:root:[복구성공]c:\CRoud\마케팅\부서ㅣ워터그룹\사이트ㅣ케이필트로\홈페이지\케이필트로홈페이지 이미지사진\클라로스위스부분\클라로스위스-소개부.psd.ublgmmk
INFO:root:[복구성공]c:\CRoud\마케팅\부서ㅣ워터그룹\사이트ㅣ케이필트로\홈페이지\케이필트로홈페이지 이미지사진\클라로스위스부분\클라로스위스소개.psd.ublgmmk
INFO:root:[복구성공]c:\CRoud\마케팅\부서ㅣ워터그룹\사이트ㅣ케이필트로\홈페이지\케이필트로홈페이지 이미지사진\트윈필터\트윈필터시스템(2)-한번.psd.ublgmmk
INFO:root:[복구성공]c:\CRoud\마케팅\부서ㅣ워터그룹\사이트ㅣ케이필트로\홈페이지\케이필트로홈페이지 이미지사진\픽사베이\물방울.psd.ublgmmk
INFO:root:[복구성공]c:\CRoud\마케팅\부서ㅣ워터그룹\사이트ㅣ케이필트로\홈페이지\케이필트로홈페이지 이미지사진\홈페이지 메인 중간\스팀오븐.psd.ublgmmk
INFO:root:[복구성공]c:\CRoud\마케팅\부서ㅣ워터그룹\사이트ㅣ케이필트로\홈페이지\케이필트로홈페이지 이미지사진\홈페이지 메인 중간\스팀오븐309.psd.ublgmmk
INFO:root:[복구성공]c:\CRoud\마케팅\부서ㅣ워터그룹\사이트ㅣ케이필트로\홈페이지\케이필트로홈페이지 이미지사진\홈페이지 메인 중간\식기세척기 309.psd.ublgmmk
INFO:root:[복구성공]c:\CRoud\마케팅\부서ㅣ워터그룹\사이트ㅣ케이필트로\홈페이지\케이필트로홈페이지 이미지사진\홈페이지 메인 중간\식기세척용.psd.ublgmmk
INFO:root:[복구성공]c:\CRoud\마케팅\부서ㅣ워터그룹\사이트ㅣ케이필트로\홈페이지\케이필트로홈페이지 이미지사진\홈페이지 메인 중간\식기세척용309.psd.ublgmmk
INFO:root:[복구성공]c:\CRoud\마케팅\부서ㅣ워터그룹\사이트ㅣ케이필트로\홈페이지\케이필트로홈페이지 이미지사진\홈페이지 메인 중간\온수기309.psd.ublgmmk
INFO:root:[복구성공]c:\CRoud\마케팅\부서ㅣ워터그룹\사이트ㅣ케이필트로\홈페이지\케이필트로홈페이지 이미지사진\홈페이지 메인 중간\온수기용 정수 시스템.psd.ublgmmk
INFO:root:[복구성공]c:\CRoud\마케팅\부서ㅣ워터그룹\사이트ㅣ케이필트로\홈페이지\케이필트로홈페이지 이미지사진\홈페이지 메인 중간\제목 없음-1.psd.ublgmmk
INFO:root:[복구성공]c:\CRoud\마케팅\부서ㅣ워터그룹\사이트ㅣ케이필트로\홈페이지\케이필트로홈페이지 이미지사진\홈페이지 메인 중간\제목 없음-2.psd.ublgmmk
INFO:root:[복구성공]c:\CRoud\마케팅\부서ㅣ워터그룹\사이트ㅣ케이필트로\홈페이지\케이필트로홈페이지 이미지사진\홈페이지 메인 중간\제빙기309.psd.ublgmmk
INFO:root:[복구성공]c:\CRoud\마케팅\부서ㅣ워터그룹\사이트ㅣ케이필트로\홈페이지\케이필트로홈페이지 이미지사진\홈페이지 메인 중간\제빙기용정수시트메.psd.ublgmmk
INFO:root:[복구성공]c:\CRoud\마케팅\부서ㅣ워터그룹\사이트ㅣ케이필트로\홈페이지\케이필트로홈페이지 이미지사진\홈페이지 메인 중간\커피머신309.psd.ublgmmk
INFO:root:[복구성공]c:\CRoud\마케팅\부서ㅣ워터그룹\사이트ㅣ케이필트로\홈페이지\케이필트로홈페이지 이미지사진\홈페이지 메인 중간\커피머신메인화면 309 사이즈.psd.ublgmmk
INFO:root:[복구성공]c:\CRoud\마케팅\부서ㅣ워터그룹\사이트ㅣ케이필트로\홈페이지\케이필트로홈페이지 이미지사진\홈페이지 메인 중간\커피머신용정수시스템.psd.ublgmmk
INFO:root:[복구성공]c:\CRoud\마케팅\부서ㅣ워터그룹\사이트ㅣ케이필트로\홈페이지\케이필트로홈페이지 이미지사진\홈페이지 메인 중간\홈페이지 메인화면 3번쨰.psd.ublgmmk
INFO:root:[복구성공]c:\CRoud\마케팅\부서ㅣ워터그룹\사이트ㅣ케이필트로\홈페이지\케이필트로홈페이지 이미지사진\홈페이지 메인 중간\홈페이지 메인화면 바다.psd.ublgmmk
INFO:root:[복구성공]c:\CRoud\마케팅\부서ㅣ워터그룹\사이트ㅣ필트로몰\필트로몰filtromall.pptx.ublgmmk
INFO:root:[복구성공]c:\CRoud\마케팅\부서ㅣ워터그룹\사이트ㅣ필트로몰\네이버페이 연동\Naverpay_corporate_business_confirmation_2.pdf.ublgmmk
INFO:root:[복구성공]c:\CRoud\마케팅\부서ㅣ워터그룹\사이트ㅣ필트로몰\네이버페이 연동\법인사업자 확인서.pptx.ublgmmk
INFO:root:[복구성공]c:\CRoud\마케팅\부서ㅣ워터그룹\사이트ㅣ필트로몰\네이버페이 연동\청류에프앤에스 등기.pdf.ublgmmk
INFO:root:[복구성공]c:\CRoud\마케팅\부서ㅣ워터그룹\사이트ㅣ필트로몰\네이버페이 연동\청류에프앤에스 법인 사업자등록증.pdf.ublgmmk
INFO:root:[복구성공]c:\CRoud\마케팅\부서ㅣ워터그룹\사이트ㅣ필트로몰\네이버페이 연동\청류에프앤에스 법인인감증명서.pdf.ublgmmk
INFO:root:[복구성공]c:\CRoud\마케팅\부서ㅣ워터그룹\사이트ㅣ필트로몰\네이버페이 연동\청류에프앤에스 법인확인서.pdf.ublgmmk
INFO:root:[복구성공]c:\CRoud\마케팅\부서ㅣ워터그룹\사이트ㅣ필트로몰\네이버페이 연동\청류에프앤에스 주주명부.pdf.ublgmmk
INFO:root:[복구성공]c:\CRoud\마케팅\부서ㅣ워터그룹\사이트ㅣ필트로몰\필트로몰 개선\3cm copy.ai.ublgmmk
INFO:root:[복구성공]c:\CRoud\마케팅\부서ㅣ워터그룹\사이트ㅣ필트로몰\필트로몰 개선\3번.ai.ublgmmk
INFO:root:[복구성공]c:\CRoud\마케팅\부서ㅣ워터그룹\사이트ㅣ필트로몰\필트로몰 개선\ㅗ.pptx.ublgmmk
INFO:root:[복구성공]c:\CRoud\마케팅\부서ㅣ워터그룹\사이트ㅣ필트로몰\필트로몰 개선\광고 시안 1.pptx.ublgmmk
INFO:root:[복구성공]c:\CRoud\마케팅\부서ㅣ워터그룹\사이트ㅣ필트로몰\필트로몰 개선\로고.ai.ublgmmk
INFO:root:[복구성공]c:\CRoud\마케팅\부서ㅣ워터그룹\사이트ㅣ필트로몰\필트로몰 개선\로고.psd.ublgmmk
INFO:root:[복구성공]c:\CRoud\마케팅\부서ㅣ워터그룹\사이트ㅣ필트로몰\필트로몰 개선\마테테호른른.ai.ublgmmk
INFO:root:[복구성공]c:\CRoud\마케팅\부서ㅣ워터그룹\사이트ㅣ필트로몰\필트로몰 개선\필트로몰 로고오.psd.ublgmmk
INFO:root:[복구성공]c:\CRoud\마케팅\부서ㅣ워터그룹\사이트ㅣ필트로몰\필트로몰 개선\필트로몰 메인 이미지(2).ai.ublgmmk
INFO:root:[복구성공]c:\CRoud\마케팅\부서ㅣ워터그룹\사이트ㅣ필트로몰\필트로몰 개선\필트로몰 메인 이미지다.ai.ublgmmk
INFO:root:[복구성공]c:\CRoud\마케팅\부서ㅣ워터그룹\사이트ㅣ필트로몰\필트로몰 개선\필트로몰로고200129.ai.ublgmmk
INFO:root:[복구성공]c:\CRoud\마케팅\부서ㅣ워터그룹\사이트ㅣ필트로몰\필트로몰 개선\회의190116.pptx.ublgmmk
INFO:root:[복구성공]c:\CRoud\마케팅\부서ㅣ워터그룹\사이트ㅣ필트로몰\필트로몰 개선\필터사진\모둠.psd.ublgmmk
INFO:root:[복구성공]c:\CRoud\마케팅\부서ㅣ워터그룹\사이트ㅣ필트로몰\필트로몰 개선\필트로몰 변경안\1번친구.psd.ublgmmk
INFO:root:[복구성공]c:\CRoud\마케팅\부서ㅣ워터그룹\사이트ㅣ필트로몰\필트로몰 개선\필트로몰 변경안\ClaroSwiss.Sseries.흑우.psd.ublgmmk
INFO:root:[복구성공]c:\CRoud\마케팅\부서ㅣ워터그룹\사이트ㅣ필트로몰\필트로몰매출\2020 필트로몰 매출 계획.xlsx.ublgmmk
INFO:root:[복구성공]c:\CRoud\마케팅\부서ㅣ워터그룹\사이트ㅣ필트로몰\필트로몰매출\온라인매출종합.xlsx.ublgmmk
INFO:root:[복구성공]c:\CRoud\마케팅\부서ㅣ워터그룹\사이트ㅣ필트로몰\필트로몰매출\필트로몰 매출관리.xlsx.ublgmmk
INFO:root:[복구성공]c:\CRoud\마케팅\부서ㅣ워터그룹\홍보ㅣ2019 Cafeshow\19카페쇼 카다록\2019_Claroswiss_folder_카달로그_최종본.pdf.ublgmmk
INFO:root:[복구성공]c:\CRoud\마케팅\부서ㅣ워터그룹\홍보ㅣ2019 Cafeshow\19카페쇼 카다록\2019_Claroswiss_folder_카달로그_최종본.pptx.ublgmmk
INFO:root:[복구성공]c:\CRoud\마케팅\부서ㅣ워터그룹\홍보ㅣ2019 Cafeshow\19카페쇼 카다록\렌탈 카다로그 최종본.pdf.ublgmmk
INFO:root:[복구성공]c:\CRoud\마케팅\부서ㅣ워터그룹\홍보ㅣ2019 Cafeshow\19카페쇼 카다록\제연기_카달로그 최종본.pdf.ublgmmk
INFO:root:[복구성공]c:\CRoud\마케팅\부서ㅣ워터그룹\홍보ㅣ2019 Cafeshow\19카페쇼 카다록\제연기_카달로그_191030.pptx.ublgmmk
INFO:root:[복구성공]c:\CRoud\마케팅\부서ㅣ워터그룹\홍보글ㅣ설치사례\2020-01-16 디그루브\ㅅㅈ\필터.psd.ublgmmk
INFO:root:[복구성공]c:\CRoud\마케팅\부서ㅣ워터그룹\홍보글ㅣ설치사례\지카세\고양 일산 카페 지카세 AQUAPURE 정수, 연수 트윈필터 설치.docx.ublgmmk
INFO:root:[복구성공]c:\CRoud\마케팅\부서ㅣ워터그룹\홍보글ㅣ설치사례\지카세\TW\KakaoTalk_20200130_162911270_01.psd.ublgmmk
INFO:root:[복구성공]c:\CRoud\마케팅\사이트\홈패이지 빅뱅\메뉴구성도-케이필트로.pptx.ublgmmk
INFO:root:[복구성공]c:\CRoud\마케팅\사이트\홈패이지 빅뱅\뭐했드라.xlsx.ublgmmk
INFO:root:[복구성공]c:\CRoud\마케팅\사이트\홈페이지 통계\스토어팜 18-19 전환 키워드.xlsx.ublgmmk
INFO:root:[복구성공]c:\CRoud\마케팅\사이트\홈페이지 통계\스토어팜 성별나이(18.01-19.04).xlsx.ublgmmk
INFO:root:[복구성공]c:\CRoud\마케팅\사이트\홈페이지 통계\스토어팜 지역 (18.01-19.04).xlsx.ublgmmk
INFO:root:[복구성공]c:\CRoud\마케팅\사이트ㅣ청류\컨텐츠 페이지\1.3회사소개-회사연혁.docx.ublgmmk
INFO:root:[복구성공]c:\CRoud\마케팅\사이트ㅣ청류\컨텐츠 페이지\1.4회사소개-주요인증.docx.ublgmmk
INFO:root:[복구성공]c:\CRoud\마케팅\사이트ㅣ청류\컨텐츠 페이지\1.5회사소개-주요고객.docx.ublgmmk
INFO:root:[복구성공]c:\CRoud\마케팅\사이트ㅣ청류\컨텐츠 페이지\2.1.1산업체-필터하우징-필터.xlsx.ublgmmk
INFO:root:[복구성공]c:\CRoud\마케팅\사이트ㅣ청류\컨텐츠 페이지\2.1.2산업체-필터하우징-하우징.xlsx.ublgmmk
INFO:root:[복구성공]c:\CRoud\마케팅\사이트ㅣ청류\컨텐츠 페이지\2.2.1산업체-엔지니어링-CCDF SYSTEM.docx.ublgmmk
INFO:root:[복구성공]c:\CRoud\마케팅\사이트ㅣ청류\컨텐츠 페이지\2.2.2산업체-엔지니어링-COG 정제시스템.xlsx.ublgmmk
INFO:root:[복구성공]c:\CRoud\마케팅\사이트ㅣ청류\컨텐츠 페이지\2.2.4산업체-엔지니어링-여과성평가장비.docx.ublgmmk
INFO:root:[복구성공]c:\CRoud\마케팅\사이트ㅣ청류\컨텐츠 페이지\2.3.1.1산업체-환경에너지정제-매립지가스-바이오 가스 처리 솔루션(매립지).docx.ublgmmk
INFO:root:[복구성공]c:\CRoud\마케팅\사이트ㅣ청류\컨텐츠 페이지\2.3.1.2산업체-환경에너지정제-매립지가스-바이오 가스(CCDF란).docx.ublgmmk
INFO:root:[복구성공]c:\CRoud\마케팅\사이트ㅣ청류\컨텐츠 페이지\2.3.1.3산업체-환경에너지정제-매립지가스-바이오 가스처리 계통도 및 추천공정.docx.ublgmmk
INFO:root:[복구성공]c:\CRoud\마케팅\사이트ㅣ청류\컨텐츠 페이지\2.3.2.1산업체-환경에너지정제-소화가스-바이오 가스(소화가스).docx.ublgmmk
INFO:root:[복구성공]c:\CRoud\마케팅\사이트ㅣ청류\컨텐츠 페이지\2.3.2.2산업체-환경에너지정제-소화가스-바이오 가스(CCDF란).docx.ublgmmk
INFO:root:[복구성공]c:\CRoud\마케팅\사이트ㅣ청류\컨텐츠 페이지\2.3.2.3산업체-환경에너지정제-소화기스-바이오 가스처리 계통도 및 추천공정.docx.ublgmmk
INFO:root:[복구성공]c:\CRoud\마케팅\사이트ㅣ청류\컨텐츠 페이지\2.3.3.1산업체-환경에너지정제-열분해가스-열분해 정제설비(생활폐기물).docx.ublgmmk
INFO:root:[복구성공]c:\CRoud\마케팅\사이트ㅣ청류\컨텐츠 페이지\2.3.3.2산업체-환경에너지정제-열분해가스-열분해 가스(CCDF란).docx.ublgmmk
INFO:root:[복구성공]c:\CRoud\마케팅\사이트ㅣ청류\컨텐츠 페이지\2.3.3.3산업체-환경에너지정제-열분해가스-열분해 가스처리 계통도 및 추천공정.docx.ublgmmk
INFO:root:[복구성공]c:\CRoud\마케팅\사이트ㅣ청류\컨텐츠 페이지\3.1.1워터그룹-워터&테크-aboutwater.hwp.ublgmmk
INFO:root:[복구성공]c:\CRoud\마케팅\사이트ㅣ청류\컨텐츠 페이지\3.1.2.1워터그룹-워터&테크-Technical-3M.hwp.ublgmmk
INFO:root:[복구성공]c:\CRoud\마케팅\사이트ㅣ청류\컨텐츠 페이지\3.1.2.2워터그룹-워터&테크-Technical-claroswiss.hwp.ublgmmk
INFO:root:[복구성공]c:\CRoud\마케팅\사이트ㅣ청류\컨텐츠 페이지\3.1.2.3워터그룹-워터&테크-Technical-chungryu.hwp.ublgmmk
INFO:root:[복구성공]c:\CRoud\마케팅\사이트ㅣ청류\컨텐츠 페이지\3.2.1.1워터그룹-적용분야-카페용-커피머신.hwp.ublgmmk
INFO:root:[복구성공]c:\CRoud\마케팅\사이트ㅣ청류\컨텐츠 페이지\3.2.1.2워터그룹-적용분야-카페용-온수기.hwp.ublgmmk
INFO:root:[복구성공]c:\CRoud\마케팅\사이트ㅣ청류\컨텐츠 페이지\3.2.1.3워터그룹-적용분야-카페용-제빙기.hwp.ublgmmk
INFO:root:[복구성공]c:\CRoud\마케팅\사이트ㅣ청류\컨텐츠 페이지\3.2.1.4워터그룹-적용분야-카페용-음용.음료.hwp.ublgmmk
INFO:root:[복구성공]c:\CRoud\마케팅\사이트ㅣ청류\컨텐츠 페이지\3.2.1.5워터그룹-적용분야-카페용-SYSTEM.hwp.ublgmmk
INFO:root:[복구성공]c:\CRoud\마케팅\사이트ㅣ청류\컨텐츠 페이지\3.2.2.1워터그룹-적용분야-주방설비용-오븐.hwp.ublgmmk
INFO:root:[복구성공]c:\CRoud\마케팅\사이트ㅣ청류\컨텐츠 페이지\3.2.2.2워터그룹-적용분야-주방설비용-식기세척기.hwp.ublgmmk
INFO:root:[복구성공]c:\CRoud\마케팅\사이트ㅣ청류\컨텐츠 페이지\3.2.2.3워터그룹-적용분야-주방설비용-조리수.hwp.ublgmmk
INFO:root:[복구성공]c:\CRoud\마케팅\사이트ㅣ청류\컨텐츠 페이지\3.2.2.4워터그룹-적용분야-주방설비용-SYSTEM.hwp.ublgmmk
INFO:root:[복구성공]c:\CRoud\마케팅\사이트ㅣ청류\컨텐츠 페이지\3.2.3.1워터그룹-적용분야-가정용-언더싱크용.hwp.ublgmmk
INFO:root:[복구성공]c:\CRoud\마케팅\사이트ㅣ청류\컨텐츠 페이지\3.2.3.2워터그룹-적용분야-가정용-인입수용.hwp.ublgmmk
INFO:root:[복구성공]c:\CRoud\마케팅\사이트ㅣ청류\컨텐츠 페이지\2.2.3산업체-엔지니어링-고객맞춤 여과시스템\Disc Filter Test Kit_160215.docx.ublgmmk
INFO:root:[복구성공]c:\CRoud\마케팅\사이트ㅣ청류\컨텐츠 페이지\2.2.3산업체-엔지니어링-고객맞춤 여과시스템\고순도 수소가스 여과필터 하우징_160215.docx.ublgmmk
INFO:root:[복구성공]c:\CRoud\마케팅\사이트ㅣ청류\컨텐츠 페이지\2.2.3산업체-엔지니어링-고객맞춤 여과시스템\도금액 여과 필터시스템_160215.docx.ublgmmk
INFO:root:[복구성공]c:\CRoud\마케팅\사이트ㅣ청류\컨텐츠 페이지\2.2.3산업체-엔지니어링-고객맞춤 여과시스템\열분해가스용 정제설비_160215.docx.ublgmmk
INFO:root:[복구성공]c:\CRoud\마케팅\사이트ㅣ청류\컨텐츠 페이지\2.2.3산업체-엔지니어링-고객맞춤 여과시스템\직병렬 혼합여과시스템_160215.docx.ublgmmk
INFO:root:[복구성공]c:\CRoud\마케팅\사이트ㅣ케이필트로\컨텐츠 페이지\2.ClaroSwiss 기술력.hwp.ublgmmk
INFO:root:[복구성공]c:\CRoud\마케팅\사이트ㅣ케이필트로\컨텐츠 페이지\4.1적용분야-커피.hwp.ublgmmk
INFO:root:[복구성공]c:\CRoud\마케팅\사이트ㅣ케이필트로\컨텐츠 페이지\4.2적용분야-스팀오븐.hwp.ublgmmk
INFO:root:[복구성공]c:\CRoud\마케팅\사이트ㅣ케이필트로\컨텐츠 페이지\4.3적용분야-제빙기.hwp.ublgmmk
INFO:root:[복구성공]c:\CRoud\마케팅\사이트ㅣ케이필트로\컨텐츠 페이지\4.4적용분야-식기세척기.hwp.ublgmmk
INFO:root:[복구성공]c:\CRoud\마케팅\사이트ㅣ케이필트로\컨텐츠 페이지 추가자료\스팀오븐 컨텐츠.ppt.ublgmmk
INFO:root:[복구성공]c:\CRoud\마케팅\사이트ㅣ케이필트로\컨텐츠 페이지 추가자료\스팀오븐 페이지.psd.ublgmmk
INFO:root:[복구성공]c:\CRoud\마케팅\사이트ㅣ케이필트로\컨텐츠 페이지 추가자료\식기세척기 컨텐츠.ppt.ublgmmk
INFO:root:[복구성공]c:\CRoud\마케팅\사이트ㅣ케이필트로\컨텐츠 페이지 추가자료\제빙기 컨텐츠.ppt.ublgmmk
INFO:root:[복구성공]c:\CRoud\마케팅\사이트ㅣ케이필트로\컨텐츠 페이지 추가자료\제빙기 페이지.psd.ublgmmk
INFO:root:[복구성공]c:\CRoud\마케팅\사이트ㅣ케이필트로\컨텐츠 페이지 추가자료\커피 컨텐츠.ppt.ublgmmk
INFO:root:[복구성공]c:\CRoud\마케팅\사이트ㅣ케이필트로\컨텐츠 페이지 추가자료\커피 페이지.psd.ublgmmk
INFO:root:[복구성공]c:\CRoud\마케팅\사이트ㅣ케이필트로\컨텐츠 페이지 추가자료\홈페이지 컨텐츠.xlsx.ublgmmk
INFO:root:[복구성공]c:\CRoud\마케팅\사이트ㅣ케이필트로\홈페이지\케이필트로 메인화면-4000.psd.ublgmmk
INFO:root:[복구성공]c:\CRoud\마케팅\사이트ㅣ케이필트로\홈페이지\케이필트로 메인화면.psd.ublgmmk
INFO:root:[복구성공]c:\CRoud\마케팅\사이트ㅣ케이필트로\홈페이지\케이필트로홈페이지 이미지사진\적용분야(스팀오븐)\stefan-c-asafti-x5jilo3ck3o-unsplash.psd.ublgmmk
INFO:root:[복구성공]c:\CRoud\마케팅\사이트ㅣ케이필트로\홈페이지\케이필트로홈페이지 이미지사진\적용분야(스팀오븐)\적용분야(스팀오븐)-문제점1.psd.ublgmmk
INFO:root:[복구성공]c:\CRoud\마케팅\사이트ㅣ케이필트로\홈페이지\케이필트로홈페이지 이미지사진\적용분야(스팀오븐)\적용분야(스팀오븐)-문제점2.psd.ublgmmk
INFO:root:[복구성공]c:\CRoud\마케팅\사이트ㅣ케이필트로\홈페이지\케이필트로홈페이지 이미지사진\적용분야(스팀오븐)\적용분야(스팀오븐)-문제점3.psd.ublgmmk
INFO:root:[복구성공]c:\CRoud\마케팅\사이트ㅣ케이필트로\홈페이지\케이필트로홈페이지 이미지사진\적용분야(스팀오븐)\적용분야(스팀오븐)-해결방법.psd.ublgmmk
INFO:root:[복구성공]c:\CRoud\마케팅\사이트ㅣ케이필트로\홈페이지\케이필트로홈페이지 이미지사진\적용분야(식기세척기)\nathan-dumlao-mAWTLZIjI8k-unsplash.psd.ublgmmk
INFO:root:[복구성공]c:\CRoud\마케팅\사이트ㅣ케이필트로\홈페이지\케이필트로홈페이지 이미지사진\적용분야(식기세척기)\적용분야(식기세척기)-문제점1.psd.ublgmmk
INFO:root:[복구성공]c:\CRoud\마케팅\사이트ㅣ케이필트로\홈페이지\케이필트로홈페이지 이미지사진\적용분야(식기세척기)\적용분야(식기세척기)-문제점2.psd.ublgmmk
INFO:root:[복구성공]c:\CRoud\마케팅\사이트ㅣ케이필트로\홈페이지\케이필트로홈페이지 이미지사진\적용분야(식기세척기)\적용분야(식기세척기)-문제점3.psd.ublgmmk
INFO:root:[복구성공]c:\CRoud\마케팅\사이트ㅣ케이필트로\홈페이지\케이필트로홈페이지 이미지사진\적용분야(식기세척기)\적용분야(식기세척기)-해결방법.psd.ublgmmk
INFO:root:[복구성공]c:\CRoud\마케팅\사이트ㅣ케이필트로\홈페이지\케이필트로홈페이지 이미지사진\적용분야(온수기)\적용분야(온수기).psd.ublgmmk
INFO:root:[복구성공]c:\CRoud\마케팅\사이트ㅣ케이필트로\홈페이지\케이필트로홈페이지 이미지사진\적용분야(제빙기)\적용분야(제빙기)-문제점-1.psd.ublgmmk
INFO:root:[복구성공]c:\CRoud\마케팅\사이트ㅣ케이필트로\홈페이지\케이필트로홈페이지 이미지사진\적용분야(제빙기)\적용분야(제빙기)-문제점-2.psd.ublgmmk
INFO:root:[복구성공]c:\CRoud\마케팅\사이트ㅣ케이필트로\홈페이지\케이필트로홈페이지 이미지사진\적용분야(제빙기)\적용분야(제빙기)-문제점-3.psd.ublgmmk
INFO:root:[복구성공]c:\CRoud\마케팅\사이트ㅣ케이필트로\홈페이지\케이필트로홈페이지 이미지사진\적용분야(제빙기)\적용분야(제빙기).psd.ublgmmk
INFO:root:[복구성공]c:\CRoud\마케팅\사이트ㅣ케이필트로\홈페이지\케이필트로홈페이지 이미지사진\적용분야(커피머신) 1024X600\적용분야(커피머신)-문제점-1.psd.ublgmmk
INFO:root:[복구성공]c:\CRoud\마케팅\사이트ㅣ케이필트로\홈페이지\케이필트로홈페이지 이미지사진\적용분야(커피머신) 1024X600\적용분야(커피머신)-문제점-2.psd.ublgmmk
INFO:root:[복구성공]c:\CRoud\마케팅\사이트ㅣ케이필트로\홈페이지\케이필트로홈페이지 이미지사진\적용분야(커피머신) 1024X600\적용분야(커피머신)-케이필트로.psd.ublgmmk
INFO:root:[복구성공]c:\CRoud\마케팅\사이트ㅣ케이필트로\홈페이지\케이필트로홈페이지 이미지사진\적용분야(커피머신) 1024X600\적용분야(커피머신)-클라로스위스.psd.ublgmmk
INFO:root:[복구성공]c:\CRoud\마케팅\사이트ㅣ케이필트로\홈페이지\케이필트로홈페이지 이미지사진\적용분야(커피머신) 1024X600\적용분야(커피머신)-해결방법.psd.ublgmmk
INFO:root:[복구성공]c:\CRoud\마케팅\사이트ㅣ케이필트로\홈페이지\케이필트로홈페이지 이미지사진\적용분야(커피머신) 1024X600\적용분야(커피머신).psd.ublgmmk
INFO:root:[복구성공]c:\CRoud\마케팅\사이트ㅣ케이필트로\홈페이지\케이필트로홈페이지 이미지사진\클라로스위스부분\ㅇㅇ.psd.ublgmmk
INFO:root:[복구성공]c:\CRoud\마케팅\사이트ㅣ케이필트로\홈페이지\케이필트로홈페이지 이미지사진\클라로스위스부분\클라로스위스 소개부분 제목.psd.ublgmmk
INFO:root:[복구성공]c:\CRoud\마케팅\사이트ㅣ케이필트로\홈페이지\케이필트로홈페이지 이미지사진\클라로스위스부분\클라로스위스-소개부.psd.ublgmmk
INFO:root:[복구성공]c:\CRoud\마케팅\사이트ㅣ케이필트로\홈페이지\케이필트로홈페이지 이미지사진\클라로스위스부분\클라로스위스소개.psd.ublgmmk
INFO:root:[복구성공]c:\CRoud\마케팅\사이트ㅣ케이필트로\홈페이지\케이필트로홈페이지 이미지사진\트윈필터\트윈필터시스템(2)-한번.psd.ublgmmk
INFO:root:[복구성공]c:\CRoud\마케팅\사이트ㅣ케이필트로\홈페이지\케이필트로홈페이지 이미지사진\픽사베이\물방울.psd.ublgmmk
INFO:root:[복구성공]c:\CRoud\마케팅\사이트ㅣ케이필트로\홈페이지\케이필트로홈페이지 이미지사진\홈페이지 메인 중간\스팀오븐.psd.ublgmmk
INFO:root:[복구성공]c:\CRoud\마케팅\사이트ㅣ케이필트로\홈페이지\케이필트로홈페이지 이미지사진\홈페이지 메인 중간\스팀오븐309.psd.ublgmmk
INFO:root:[복구성공]c:\CRoud\마케팅\사이트ㅣ케이필트로\홈페이지\케이필트로홈페이지 이미지사진\홈페이지 메인 중간\식기세척기 309.psd.ublgmmk
INFO:root:[복구성공]c:\CRoud\마케팅\사이트ㅣ케이필트로\홈페이지\케이필트로홈페이지 이미지사진\홈페이지 메인 중간\식기세척용.psd.ublgmmk
INFO:root:[복구성공]c:\CRoud\마케팅\사이트ㅣ케이필트로\홈페이지\케이필트로홈페이지 이미지사진\홈페이지 메인 중간\식기세척용309.psd.ublgmmk
INFO:root:[복구성공]c:\CRoud\마케팅\사이트ㅣ케이필트로\홈페이지\케이필트로홈페이지 이미지사진\홈페이지 메인 중간\온수기309.psd.ublgmmk
INFO:root:[복구성공]c:\CRoud\마케팅\사이트ㅣ케이필트로\홈페이지\케이필트로홈페이지 이미지사진\홈페이지 메인 중간\온수기용 정수 시스템.psd.ublgmmk
INFO:root:[복구성공]c:\CRoud\마케팅\사이트ㅣ케이필트로\홈페이지\케이필트로홈페이지 이미지사진\홈페이지 메인 중간\제목 없음-1.psd.ublgmmk
INFO:root:[복구성공]c:\CRoud\마케팅\사이트ㅣ케이필트로\홈페이지\케이필트로홈페이지 이미지사진\홈페이지 메인 중간\제목 없음-2.psd.ublgmmk
INFO:root:[복구성공]c:\CRoud\마케팅\사이트ㅣ케이필트로\홈페이지\케이필트로홈페이지 이미지사진\홈페이지 메인 중간\제빙기309.psd.ublgmmk
INFO:root:[복구성공]c:\CRoud\마케팅\사이트ㅣ케이필트로\홈페이지\케이필트로홈페이지 이미지사진\홈페이지 메인 중간\제빙기용정수시트메.psd.ublgmmk
INFO:root:[복구성공]c:\CRoud\마케팅\사이트ㅣ케이필트로\홈페이지\케이필트로홈페이지 이미지사진\홈페이지 메인 중간\커피머신309.psd.ublgmmk
INFO:root:[복구성공]c:\CRoud\마케팅\사이트ㅣ케이필트로\홈페이지\케이필트로홈페이지 이미지사진\홈페이지 메인 중간\커피머신메인화면 309 사이즈.psd.ublgmmk
INFO:root:[복구성공]c:\CRoud\마케팅\사이트ㅣ케이필트로\홈페이지\케이필트로홈페이지 이미지사진\홈페이지 메인 중간\커피머신용정수시스템.psd.ublgmmk
INFO:root:[복구성공]c:\CRoud\마케팅\사이트ㅣ케이필트로\홈페이지\케이필트로홈페이지 이미지사진\홈페이지 메인 중간\홈페이지 메인화면 3번쨰.psd.ublgmmk
INFO:root:[복구성공]c:\CRoud\마케팅\사이트ㅣ케이필트로\홈페이지\케이필트로홈페이지 이미지사진\홈페이지 메인 중간\홈페이지 메인화면 바다.psd.ublgmmk
INFO:root:[복구성공]c:\CRoud\마케팅\사이트ㅣ필트로몰\필트로몰filtromall.pptx.ublgmmk
INFO:root:[복구성공]c:\CRoud\마케팅\사이트ㅣ필트로몰\네이버페이 연동\Naverpay_corporate_business_confirmation_2.pdf.ublgmmk
INFO:root:[복구성공]c:\CRoud\마케팅\사이트ㅣ필트로몰\네이버페이 연동\법인사업자 확인서.pptx.ublgmmk
INFO:root:[복구성공]c:\CRoud\마케팅\사이트ㅣ필트로몰\네이버페이 연동\청류에프앤에스 등기.pdf.ublgmmk
INFO:root:[복구성공]c:\CRoud\마케팅\사이트ㅣ필트로몰\네이버페이 연동\청류에프앤에스 법인 사업자등록증.pdf.ublgmmk
INFO:root:[복구성공]c:\CRoud\마케팅\사이트ㅣ필트로몰\네이버페이 연동\청류에프앤에스 법인인감증명서.pdf.ublgmmk
INFO:root:[복구성공]c:\CRoud\마케팅\사이트ㅣ필트로몰\네이버페이 연동\청류에프앤에스 법인확인서.pdf.ublgmmk
INFO:root:[복구성공]c:\CRoud\마케팅\사이트ㅣ필트로몰\네이버페이 연동\청류에프앤에스 주주명부.pdf.ublgmmk
INFO:root:[복구성공]c:\CRoud\마케팅\사이트ㅣ필트로몰\필트로몰 개선\3cm copy.ai.ublgmmk
INFO:root:[복구성공]c:\CRoud\마케팅\사이트ㅣ필트로몰\필트로몰 개선\3번.ai.ublgmmk
INFO:root:[복구성공]c:\CRoud\마케팅\사이트ㅣ필트로몰\필트로몰 개선\ㅗ.pptx.ublgmmk
INFO:root:[복구성공]c:\CRoud\마케팅\사이트ㅣ필트로몰\필트로몰 개선\광고 시안 1.pptx.ublgmmk
INFO:root:[복구성공]c:\CRoud\마케팅\사이트ㅣ필트로몰\필트로몰 개선\로고.ai.ublgmmk
INFO:root:[복구성공]c:\CRoud\마케팅\사이트ㅣ필트로몰\필트로몰 개선\로고.psd.ublgmmk
INFO:root:[복구성공]c:\CRoud\마케팅\사이트ㅣ필트로몰\필트로몰 개선\마테테호른른.ai.ublgmmk
INFO:root:[복구성공]c:\CRoud\마케팅\사이트ㅣ필트로몰\필트로몰 개선\필트로몰 로고오.psd.ublgmmk
INFO:root:[복구성공]c:\CRoud\마케팅\사이트ㅣ필트로몰\필트로몰 개선\필트로몰 메인 이미지(2).ai.ublgmmk
INFO:root:[복구성공]c:\CRoud\마케팅\사이트ㅣ필트로몰\필트로몰 개선\필트로몰 메인 이미지다.ai.ublgmmk
INFO:root:[복구성공]c:\CRoud\마케팅\사이트ㅣ필트로몰\필트로몰 개선\필트로몰로고200129.ai.ublgmmk
INFO:root:[복구성공]c:\CRoud\마케팅\사이트ㅣ필트로몰\필트로몰 개선\회의190116.pptx.ublgmmk
INFO:root:[복구성공]c:\CRoud\마케팅\사이트ㅣ필트로몰\필트로몰 개선\필터사진\모둠.psd.ublgmmk
INFO:root:[복구성공]c:\CRoud\마케팅\사이트ㅣ필트로몰\필트로몰 개선\필트로몰 변경안\1번친구.psd.ublgmmk
INFO:root:[복구성공]c:\CRoud\마케팅\사이트ㅣ필트로몰\필트로몰 개선\필트로몰 변경안\ClaroSwiss.Sseries.흑우.psd.ublgmmk
INFO:root:[복구성공]c:\CRoud\마케팅\사이트ㅣ필트로몰\필트로몰매출\2020 필트로몰 매출 계획.xlsx.ublgmmk
INFO:root:[복구성공]c:\CRoud\마케팅\사이트ㅣ필트로몰\필트로몰매출\온라인매출종합.xlsx.ublgmmk
INFO:root:[복구성공]c:\CRoud\마케팅\사이트ㅣ필트로몰\필트로몰매출\필트로몰 매출관리.xlsx.ublgmmk
INFO:root:[복구성공]c:\CRoud\마케팅\총무ㅣ사업자등록증, 통장사본\청류 기업은행 통장사본.pdf.ublgmmk
INFO:root:[복구성공]c:\CRoud\마케팅\총무ㅣ사업자등록증, 통장사본\청류 하나은행 계좌.pdf.ublgmmk
INFO:root:[복구성공]c:\CRoud\마케팅\총무ㅣ사업자등록증, 통장사본\케이필트로 사업자등록증.pdf.ublgmmk
INFO:root:[복구성공]c:\CRoud\마케팅\총무ㅣ사업자등록증, 통장사본\케이필트로 통장사본 _.pdf.ublgmmk
INFO:root:[복구성공]c:\CRoud\마케팅\총무ㅣ특허실용신안\Patent 10-1866143.pdf.ublgmmk
INFO:root:[복구성공]c:\CRoud\마케팅\총무ㅣ특허실용신안\Patent 1677421.pdf.ublgmmk
INFO:root:[복구성공]c:\CRoud\마케팅\총무ㅣ특허실용신안\patent 0789055.pdf.ublgmmk
INFO:root:[복구성공]c:\CRoud\마케팅\총무ㅣ특허실용신안\patent 0822344.pdf.ublgmmk
INFO:root:[복구성공]c:\CRoud\마케팅\총무ㅣ특허실용신안\patent 0824559.pdf.ublgmmk
INFO:root:[복구성공]c:\CRoud\마케팅\총무ㅣ특허실용신안\patent 0827484.pdf.ublgmmk
INFO:root:[복구성공]c:\CRoud\마케팅\총무ㅣ특허실용신안\patent 1275327.pdf.ublgmmk
INFO:root:[복구성공]c:\CRoud\마케팅\총무ㅣ특허실용신안\patent 1277362.pdf.ublgmmk
INFO:root:[복구성공]c:\CRoud\마케팅\총무ㅣ특허실용신안\patent 1297585.pdf.ublgmmk
INFO:root:[복구성공]c:\CRoud\마케팅\총무ㅣ특허실용신안\patent 1569721.pdf.ublgmmk
INFO:root:[복구성공]c:\CRoud\마케팅\총무ㅣ특허실용신안\patent10-1866142.pdf.ublgmmk
INFO:root:[복구실패]c:\CRoud\마케팅\디자인ㅣ자여니\무조건 실패하는 케이스.pdf.ublgmmk
INFO:root:[복구성공]c:\CRoud\마케팅\디자인ㅣ자여니\카페쇼 입장권 이벤트 인스타 당첨자.xlsx.ublgmmk
INFO:root:[복구성공]c:\CRoud\마케팅\디자인ㅣ자여니\카페쇼 입장권 이벤트.xlsx.ublgmmk
INFO:root:[복구성공]c:\CRoud\마케팅\디자인ㅣ자여니\카페쇼이벤트 참여자명단.xlsx.ublgmmk
INFO:root:[복구성공]c:\CRoud\마케팅\디자인ㅣ자여니\확장자가 u보다 늦은 알파벳으로 시작하는 케이스.xyz.ublgmmk
